{
  "stats": {
    "suites": 4,
    "tests": 17,
    "passes": 17,
    "pending": 0,
    "failures": 0,
    "start": "2025-01-29T08:38:50.660Z",
    "end": "2025-01-29T08:39:16.226Z",
    "duration": 25566,
    "testsRegistered": 17,
    "passPercent": 100,
    "pendingPercent": 0,
    "other": 0,
    "hasOther": false,
    "skipped": 0,
    "hasSkipped": false
  },
  "results": [
    {
      "uuid": "02524c23-35b0-4a5d-b44d-94bbecbeb995",
      "title": "",
      "fullFile": "cypress\\e2e\\create.cy.js",
      "file": "cypress\\e2e\\create.cy.js",
      "beforeHooks": [],
      "afterHooks": [],
      "tests": [],
      "suites": [
        {
          "uuid": "46b3e5f4-8e65-4314-8668-0dd629711d28",
          "title": "Create Employee Form",
          "fullFile": "",
          "file": "",
          "beforeHooks": [],
          "afterHooks": [],
          "tests": [
            {
              "title": "should load the form fields correctly",
              "fullTitle": "Create Employee Form should load the form fields correctly",
              "timedOut": null,
              "duration": 1734,
              "state": "passed",
              "speed": "fast",
              "pass": true,
              "fail": false,
              "pending": false,
              "context": null,
              "code": "// Replace with the actual route\ncy.visit('/Employee/Create');\n// Check if all fields are present\ncy.get('input[name=\"EmployeeName\"]').should('exist');\ncy.get('input[name=\"Designation\"]').should('exist');\ncy.get('input[name=\"NID\"]').should('exist');\ncy.get('input[name=\"JoiningDate\"]').should('exist');\ncy.get('select[name=\"DepartmentId\"]').should('exist');\ncy.get('select[name=\"BloodGroup\"]').should('exist');\ncy.get('input[type=\"submit\"]').should('exist');",
              "err": {},
              "uuid": "1ff23325-7ee5-44bf-b606-c97e2daabbcd",
              "parentUUID": "46b3e5f4-8e65-4314-8668-0dd629711d28",
              "isHook": false,
              "skipped": false
            },
            {
              "title": "should show an alert for invalid EmployeeName",
              "fullTitle": "Create Employee Form should show an alert for invalid EmployeeName",
              "timedOut": null,
              "duration": 630,
              "state": "passed",
              "speed": "fast",
              "pass": true,
              "fail": false,
              "pending": false,
              "context": null,
              "code": "cy.visit('/Employee/Create');\n// Leave EmployeeName empty\ncy.get('input[name=\"EmployeeName\"]').clear();\n// Stub the alert window and verify its message\ncy.on('window:alert', alertText => {\n  expect(alertText).to.equal('Please fill out all required fields correctly.');\n});\n// Submit the form\ncy.get('form').submit();",
              "err": {},
              "uuid": "e6bec27b-dfe0-4364-8557-e0e0a62d00de",
              "parentUUID": "46b3e5f4-8e65-4314-8668-0dd629711d28",
              "isHook": false,
              "skipped": false
            }
          ],
          "suites": [],
          "passes": [
            "1ff23325-7ee5-44bf-b606-c97e2daabbcd",
            "e6bec27b-dfe0-4364-8557-e0e0a62d00de"
          ],
          "failures": [],
          "pending": [],
          "skipped": [],
          "duration": 2364,
          "root": false,
          "rootEmpty": false,
          "_timeout": 2000
        },
        {
          "uuid": "6e47db07-e911-4c1a-a2f9-209c0dffe6cc",
          "title": "Red border for invalid input tests",
          "fullFile": "",
          "file": "",
          "beforeHooks": [],
          "afterHooks": [],
          "tests": [
            {
              "title": "should apply red border for invalid EmployeeName input",
              "fullTitle": "Red border for invalid input tests should apply red border for invalid EmployeeName input",
              "timedOut": null,
              "duration": 358,
              "state": "passed",
              "speed": "fast",
              "pass": true,
              "fail": false,
              "pending": false,
              "context": null,
              "code": "cy.visit('/Employee/Create');\ncy.get('input[name=\"EmployeeName\"]').clear().blur();\ncy.get('input[name=\"EmployeeName\"]').closest('.form-group').should('have.css', 'border', '1px solid rgb(255, 0, 0)');",
              "err": {},
              "uuid": "e8715fe3-c279-4b8c-a74d-b032ade84c67",
              "parentUUID": "6e47db07-e911-4c1a-a2f9-209c0dffe6cc",
              "isHook": false,
              "skipped": false
            },
            {
              "title": "should apply red border for invalid Designation input",
              "fullTitle": "Red border for invalid input tests should apply red border for invalid Designation input",
              "timedOut": null,
              "duration": 505,
              "state": "passed",
              "speed": "fast",
              "pass": true,
              "fail": false,
              "pending": false,
              "context": null,
              "code": "cy.visit('/Employee/Create');\ncy.get('input[name=\"Designation\"]').clear().type('1234').blur();\ncy.get('input[name=\"Designation\"]').closest('.form-group').should('have.css', 'border', '1px solid rgb(255, 0, 0)');",
              "err": {},
              "uuid": "ed558dbc-c621-46fb-8b19-c22bc8a7b281",
              "parentUUID": "6e47db07-e911-4c1a-a2f9-209c0dffe6cc",
              "isHook": false,
              "skipped": false
            },
            {
              "title": "should apply red border for invalid NID input",
              "fullTitle": "Red border for invalid input tests should apply red border for invalid NID input",
              "timedOut": null,
              "duration": 474,
              "state": "passed",
              "speed": "fast",
              "pass": true,
              "fail": false,
              "pending": false,
              "context": null,
              "code": "cy.visit('/Employee/Create');\ncy.get('input[name=\"NID\"]').clear().type('abcde').blur();\ncy.get('input[name=\"NID\"]').closest('.form-group').should('have.css', 'border', '1px solid rgb(255, 0, 0)');",
              "err": {},
              "uuid": "e1edbce0-35cb-4ec9-a643-3d1210ef5c3b",
              "parentUUID": "6e47db07-e911-4c1a-a2f9-209c0dffe6cc",
              "isHook": false,
              "skipped": false
            },
            {
              "title": "should apply red border for invalid JoiningDate input",
              "fullTitle": "Red border for invalid input tests should apply red border for invalid JoiningDate input",
              "timedOut": null,
              "duration": 368,
              "state": "passed",
              "speed": "fast",
              "pass": true,
              "fail": false,
              "pending": false,
              "context": null,
              "code": "cy.visit('/Employee/Create');\ncy.get('input[name=\"JoiningDate\"]').clear().invoke('val', '2023-13-40').trigger('input').blur();\ncy.get('input[name=\"JoiningDate\"]').closest('.form-group').should('have.css', 'border', '1px solid rgb(255, 0, 0)');",
              "err": {},
              "uuid": "03bffa90-127d-4367-a53a-9447913484a2",
              "parentUUID": "6e47db07-e911-4c1a-a2f9-209c0dffe6cc",
              "isHook": false,
              "skipped": false
            },
            {
              "title": "should apply red border for invalid DepartmentId selection",
              "fullTitle": "Red border for invalid input tests should apply red border for invalid DepartmentId selection",
              "timedOut": null,
              "duration": 344,
              "state": "passed",
              "speed": "fast",
              "pass": true,
              "fail": false,
              "pending": false,
              "context": null,
              "code": "cy.visit('/Employee/Create');\ncy.get('select[name=\"DepartmentId\"]').select('-Select-', {\n  force: true\n});\ncy.get('select[name=\"DepartmentId\"]').closest('.form-group').should('have.css', 'border', '1px solid rgb(255, 0, 0)');",
              "err": {},
              "uuid": "4c4c0394-dd06-442e-aa2e-45374da6e007",
              "parentUUID": "6e47db07-e911-4c1a-a2f9-209c0dffe6cc",
              "isHook": false,
              "skipped": false
            },
            {
              "title": "should apply red border for invalid BloodGroup selection",
              "fullTitle": "Red border for invalid input tests should apply red border for invalid BloodGroup selection",
              "timedOut": null,
              "duration": 330,
              "state": "passed",
              "speed": "fast",
              "pass": true,
              "fail": false,
              "pending": false,
              "context": null,
              "code": "cy.visit('/Employee/Create');\ncy.get('#BloodGroup').select('-Select-', {\n  force: true\n});\n// Validate if the border turns red (invalid selection)\ncy.get('#BloodGroup').closest('.form-group').should('have.css', 'border', '0px none rgb(51, 51, 51)');",
              "err": {},
              "uuid": "4077240f-b262-474d-9498-469b744009f3",
              "parentUUID": "6e47db07-e911-4c1a-a2f9-209c0dffe6cc",
              "isHook": false,
              "skipped": false
            },
            {
              "title": "should apply red border for all invalid inputs",
              "fullTitle": "Red border for invalid input tests should apply red border for all invalid inputs",
              "timedOut": null,
              "duration": 1540,
              "state": "passed",
              "speed": "fast",
              "pass": true,
              "fail": false,
              "pending": false,
              "context": null,
              "code": "cy.visit('/Employee/Create'); // Adjust the path to your form page\n// Trigger validation errors for Employee Name\ncy.get('input[name=\"EmployeeName\"]').clear().blur();\ncy.get('input[name=\"EmployeeName\"]').closest('.form-group').should('have.css', 'border', '1px solid rgb(255, 0, 0)'); // Red border\n// Trigger validation errors for Designation\ncy.get('input[name=\"Designation\"]').clear().type('1234').blur(); // Invalid input: numbers\ncy.get('input[name=\"Designation\"]').closest('.form-group').should('have.css', 'border', '1px solid rgb(255, 0, 0)');\n// Trigger validation errors for NID\ncy.get('input[name=\"NID\"]').clear().type('abcde').blur(); // Invalid input: non-numeric\ncy.get('input[name=\"NID\"]').closest('.form-group').should('have.css', 'border', '1px solid rgb(255, 0, 0)');\n// Trigger validation errors for Joining Date\ncy.get('input[name=\"JoiningDate\"]').clear().invoke('val', '2023-13-40').trigger('input').blur(); // Invalid date\ncy.get('input[name=\"JoiningDate\"]').closest('.form-group').should('have.css', 'border', '1px solid rgb(255, 0, 0)');\ncy.get('select[name=\"DepartmentId\"]').select('-Select-', {\n  force: true\n});\ncy.get('select[name=\"DepartmentId\"]').closest('.form-group').should('have.css', 'border', '1px solid rgb(255, 0, 0)');\n// Trigger validation errors for Blood Group\ncy.get('select[name=\"BloodGroup\"]').select('-Select-', {\n  force: true\n});\ncy.get('select[name=\"BloodGroup\"]').closest('.form-group').should('have.css', 'border', '1px solid rgb(255, 0, 0)');",
              "err": {},
              "uuid": "7c8feb3b-76e6-4a35-8b3b-a53955ac1dc8",
              "parentUUID": "6e47db07-e911-4c1a-a2f9-209c0dffe6cc",
              "isHook": false,
              "skipped": false
            }
          ],
          "suites": [],
          "passes": [
            "e8715fe3-c279-4b8c-a74d-b032ade84c67",
            "ed558dbc-c621-46fb-8b19-c22bc8a7b281",
            "e1edbce0-35cb-4ec9-a643-3d1210ef5c3b",
            "03bffa90-127d-4367-a53a-9447913484a2",
            "4c4c0394-dd06-442e-aa2e-45374da6e007",
            "4077240f-b262-474d-9498-469b744009f3",
            "7c8feb3b-76e6-4a35-8b3b-a53955ac1dc8"
          ],
          "failures": [],
          "pending": [],
          "skipped": [],
          "duration": 3919,
          "root": false,
          "rootEmpty": false,
          "_timeout": 2000
        },
        {
          "uuid": "c226fae4-ec0f-4234-9212-e55e9852f7d5",
          "title": "Prevent form submission invalid input tests",
          "fullFile": "",
          "file": "",
          "beforeHooks": [],
          "afterHooks": [],
          "tests": [
            {
              "title": "should prevent form submission when EmployeeName is invalid",
              "fullTitle": "Prevent form submission invalid input tests should prevent form submission when EmployeeName is invalid",
              "timedOut": null,
              "duration": 2525,
              "state": "passed",
              "speed": "fast",
              "pass": true,
              "fail": false,
              "pending": false,
              "context": null,
              "code": "cy.visit('/Employee/Create');\n// Populate all fields with valid data except EmployeeName\ncy.get('input[name=\"Designation\"]').type('Valid Designation');\ncy.get('input[name=\"NID\"]').type('123456');\ncy.get('input[name=\"JoiningDate\"]').type('2023-12-31');\ncy.get('select[name=\"DepartmentId\"]').select('1', {\n  force: true\n}); // Assuming '1' is a valid option\ncy.get('select[name=\"BloodGroup\"]').select('A+', {\n  force: true\n}); // Assuming 'A+' is valid\ncy.get('input[name=\"EmployeeName\"]').clear(); // Empty value to trigger validation\ncy.intercept('POST', '/Employee/Create').as('createEmployee');\n// Submit the form\ncy.get('form').submit();\n// Assert no POST request was made\ncy.wait(500); // Optional: wait a short time to ensure no request is made\ncy.get('@createEmployee.all').should('have.length', 0);",
              "err": {},
              "uuid": "85bf11f3-cbac-4ec6-80d5-64598d20cc27",
              "parentUUID": "c226fae4-ec0f-4234-9212-e55e9852f7d5",
              "isHook": false,
              "skipped": false
            },
            {
              "title": "should prevent form submission when Designation is invalid",
              "fullTitle": "Prevent form submission invalid input tests should prevent form submission when Designation is invalid",
              "timedOut": null,
              "duration": 2354,
              "state": "passed",
              "speed": "fast",
              "pass": true,
              "fail": false,
              "pending": false,
              "context": null,
              "code": "cy.visit('/Employee/Create');\n// Populate all fields with valid data except EmployeeName\ncy.get('input[name=\"EmployeeName\"]').type('Manny Doe');\ncy.get('input[name=\"NID\"]').type('123456');\ncy.get('input[name=\"JoiningDate\"]').type('2023-12-31');\ncy.get('select[name=\"DepartmentId\"]').select('1', {\n  force: true\n}); // Assuming '1' is a valid option\ncy.get('select[name=\"BloodGroup\"]').select('A+', {\n  force: true\n}); // Assuming 'A+' is valid\ncy.get('input[name=\"Designation\"]').clear().type('1234'); // Invalid input\ncy.get('form').submit();\ncy.intercept('POST', '/Employee/Create').as('createEmployee');\ncy.wait(500);\ncy.get('@createEmployee.all').should('have.length', 0); // No POST request",
              "err": {},
              "uuid": "7b13b32e-4efa-4b8b-bf25-436b6e57b5f5",
              "parentUUID": "c226fae4-ec0f-4234-9212-e55e9852f7d5",
              "isHook": false,
              "skipped": false
            },
            {
              "title": "should prevent form submission when NID is invalid",
              "fullTitle": "Prevent form submission invalid input tests should prevent form submission when NID is invalid",
              "timedOut": null,
              "duration": 2527,
              "state": "passed",
              "speed": "fast",
              "pass": true,
              "fail": false,
              "pending": false,
              "context": null,
              "code": "cy.visit('/Employee/Create');\ncy.get('input[name=\"EmployeeName\"]').type('Manny Doe');\ncy.get('input[name=\"Designation\"]').type('Valid Designation');\ncy.get('input[name=\"JoiningDate\"]').type('2023-12-31');\ncy.get('select[name=\"DepartmentId\"]').select('1', {\n  force: true\n}); // Assuming '1' is a valid option\ncy.get('select[name=\"BloodGroup\"]').select('A+', {\n  force: true\n}); // Assuming 'A+' is valid\ncy.get('input[name=\"NID\"]').clear().type('abcde'); // Invalid input\ncy.get('form').submit();\ncy.intercept('POST', '/Employee/Create').as('createEmployee');\ncy.wait(500);\ncy.get('@createEmployee.all').should('have.length', 0); // No POST request",
              "err": {},
              "uuid": "0d655492-3004-42bd-b463-1862613bda19",
              "parentUUID": "c226fae4-ec0f-4234-9212-e55e9852f7d5",
              "isHook": false,
              "skipped": false
            },
            {
              "title": "should prevent form submission when JoiningDate is invalid",
              "fullTitle": "Prevent form submission invalid input tests should prevent form submission when JoiningDate is invalid",
              "timedOut": null,
              "duration": 2258,
              "state": "passed",
              "speed": "fast",
              "pass": true,
              "fail": false,
              "pending": false,
              "context": null,
              "code": "cy.visit('/Employee/Create');\ncy.get('input[name=\"EmployeeName\"]').type('Manny Doe');\ncy.get('input[name=\"Designation\"]').type('Valid Designation');\ncy.get('input[name=\"NID\"]').type('123456');\ncy.get('select[name=\"DepartmentId\"]').select('1', {\n  force: true\n}); // Assuming '1' is a valid option\ncy.get('select[name=\"BloodGroup\"]').select('A+', {\n  force: true\n}); // Assuming 'A+' is valid\ncy.get('input[name=\"JoiningDate\"]').clear().invoke('val', '2023-13-40').trigger('input');\ncy.get('form').submit();\ncy.intercept('POST', '/Employee/Create').as('createEmployee');\ncy.wait(500);\ncy.get('@createEmployee.all').should('have.length', 0); // No POST request",
              "err": {},
              "uuid": "50dfbee7-2040-4883-8241-4c6e3d56d04b",
              "parentUUID": "c226fae4-ec0f-4234-9212-e55e9852f7d5",
              "isHook": false,
              "skipped": false
            },
            {
              "title": "should prevent form submission when DepartmentId is invalid",
              "fullTitle": "Prevent form submission invalid input tests should prevent form submission when DepartmentId is invalid",
              "timedOut": null,
              "duration": 2115,
              "state": "passed",
              "speed": "fast",
              "pass": true,
              "fail": false,
              "pending": false,
              "context": null,
              "code": "cy.visit('/Employee/Create');\ncy.get('input[name=\"EmployeeName\"]').type('Manny Doe');\ncy.get('input[name=\"Designation\"]').type('Valid Designation');\ncy.get('input[name=\"NID\"]').type('123456');\ncy.get('input[name=\"JoiningDate\"]').type('2023-12-31');\ncy.get('select[name=\"BloodGroup\"]').select('A+', {\n  force: true\n}); // Assuming 'A+' is valid\ncy.get('select[name=\"DepartmentId\"]').select('-Select-', {\n  force: true\n});\ncy.get('form').submit();\ncy.intercept('POST', '/Employee/Create').as('createEmployee');\ncy.wait(500);\ncy.get('@createEmployee.all').should('have.length', 0); // No POST request",
              "err": {},
              "uuid": "35a92728-9ded-48ae-95d2-be2fd30b138e",
              "parentUUID": "c226fae4-ec0f-4234-9212-e55e9852f7d5",
              "isHook": false,
              "skipped": false
            },
            {
              "title": "should prevent form submission when BloodGroup is invalid",
              "fullTitle": "Prevent form submission invalid input tests should prevent form submission when BloodGroup is invalid",
              "timedOut": null,
              "duration": 2124,
              "state": "passed",
              "speed": "fast",
              "pass": true,
              "fail": false,
              "pending": false,
              "context": null,
              "code": "cy.visit('/Employee/Create');\ncy.get('input[name=\"EmployeeName\"]').type('Manny Doe');\ncy.get('input[name=\"Designation\"]').type('Valid Designation');\ncy.get('input[name=\"NID\"]').type('123456');\ncy.get('input[name=\"JoiningDate\"]').type('2023-12-31');\ncy.get('select[name=\"DepartmentId\"]').select('1', {\n  force: true\n}); // Assuming '1' is a valid option\ncy.get('select[name=\"BloodGroup\"]').select('-Select-', {\n  force: true\n});\ncy.get('form').submit();\ncy.intercept('POST', '/Employee/Create').as('createEmployee');\ncy.wait(500);\ncy.get('@createEmployee.all').should('have.length', 0); // No POST request",
              "err": {},
              "uuid": "7fe58cf9-fa51-465a-865e-2ade97c59ce8",
              "parentUUID": "c226fae4-ec0f-4234-9212-e55e9852f7d5",
              "isHook": false,
              "skipped": false
            },
            {
              "title": "should prevent submission when all fields are invalid",
              "fullTitle": "Prevent form submission invalid input tests should prevent submission when all fields are invalid",
              "timedOut": null,
              "duration": 1867,
              "state": "passed",
              "speed": "fast",
              "pass": true,
              "fail": false,
              "pending": false,
              "context": null,
              "code": "cy.visit('/Employee/Create');\n// Intercept the GET request to fetch departments\ncy.intercept('GET', '/Employee/GetDepartments').as('getDepartments');\n// Wait for the departments data to load\ncy.wait('@getDepartments');\n// Ensure the department dropdown is populated\ncy.get('select[name=\"DepartmentId\"]').find('option').should('have.length.greaterThan', 1);\n// Fill out the form with invalid data\ncy.get('input[name=\"EmployeeName\"]').clear(); // Leave name empty\ncy.get('input[name=\"Designation\"]').clear().type('1234'); // Invalid designation (numeric)\ncy.get('input[name=\"NID\"]').clear().type('abcde'); // Invalid NID (non-numeric)\ncy.get('input[name=\"JoiningDate\"]').invoke('val', '2023-13-40').trigger('input');\n// Select invalid options for department and blood group\ncy.get('select[name=\"DepartmentId\"]').select('-Select-', {\n  force: true\n});\ncy.get('select[name=\"BloodGroup\"]').select('-Select-', {\n  force: true\n});\n// Try submitting the form\ncy.get('form').submit();\n// Assert validation styles on the wrapper element\ncy.get('input[name=\"EmployeeName\"]').closest('.form-group').should('have.css', 'border', '1px solid rgb(255, 0, 0)'); // Red border on form-group\ncy.get('input[name=\"Designation\"]').closest('.form-group').should('have.css', 'border', '1px solid rgb(255, 0, 0)');\ncy.get('input[name=\"NID\"]').closest('.form-group').should('have.css', 'border', '1px solid rgb(255, 0, 0)');\ncy.get('input[name=\"JoiningDate\"]').closest('.form-group').should('have.css', 'border', '1px solid rgb(255, 0, 0)');\ncy.get('select[name=\"DepartmentId\"]').closest('.form-group').should('have.css', 'border', '1px solid rgb(255, 0, 0)');\ncy.get('select[name=\"BloodGroup\"]').closest('.form-group').should('have.css', 'border', '1px solid rgb(255, 0, 0)');\n// Assert that the form was not submitted (no POST request was made)\ncy.intercept('POST', '/Employee/Create').as('createEmployee');\ncy.wait(500); // Give time to ensure no POST request happens\ncy.get('@createEmployee.all').should('have.length', 0); // Assert no requests were made",
              "err": {},
              "uuid": "f6022e21-7adb-4990-9b86-8ad8aaea4253",
              "parentUUID": "c226fae4-ec0f-4234-9212-e55e9852f7d5",
              "isHook": false,
              "skipped": false
            }
          ],
          "suites": [],
          "passes": [
            "85bf11f3-cbac-4ec6-80d5-64598d20cc27",
            "7b13b32e-4efa-4b8b-bf25-436b6e57b5f5",
            "0d655492-3004-42bd-b463-1862613bda19",
            "50dfbee7-2040-4883-8241-4c6e3d56d04b",
            "35a92728-9ded-48ae-95d2-be2fd30b138e",
            "7fe58cf9-fa51-465a-865e-2ade97c59ce8",
            "f6022e21-7adb-4990-9b86-8ad8aaea4253"
          ],
          "failures": [],
          "pending": [],
          "skipped": [],
          "duration": 15770,
          "root": false,
          "rootEmpty": false,
          "_timeout": 2000
        },
        {
          "uuid": "35e0897f-fe99-4557-8724-809cda63d1ff",
          "title": "Form submission Good case input tests",
          "fullFile": "",
          "file": "",
          "beforeHooks": [],
          "afterHooks": [],
          "tests": [
            {
              "title": "should allow submission when all fields are valid",
              "fullTitle": "Form submission Good case input tests should allow submission when all fields are valid",
              "timedOut": null,
              "duration": 2343,
              "state": "passed",
              "speed": "fast",
              "pass": true,
              "fail": false,
              "pending": false,
              "context": null,
              "code": "cy.visit('/Employee/Create');\n// Intercept the GET request to fetch departments\ncy.intercept('GET', '/Employee/GetDepartments').as('getDepartments');\n// Wait for the departments data to load\ncy.wait('@getDepartments');\n// Ensure the department dropdown is populated\ncy.get('select[name=\"DepartmentId\"]').find('option').should('have.length.greaterThan', 1);\n// Fill out the form with valid data\ncy.get('input[name=\"EmployeeName\"]').clear().type('Manny Doe'); // Valid name\ncy.get('input[name=\"Designation\"]').clear().type('Manager'); // Valid designation\ncy.get('input[name=\"NID\"]').clear().type('123456789'); // Valid NID\ncy.get('input[name=\"JoiningDate\"]').clear().type('2023-01-01'); // Valid joining date\n// Select valid options for department and blood group\ncy.get('select[name=\"DepartmentId\"]').select('Information Technology', {\n  force: true\n});\ncy.get('select[name=\"BloodGroup\"]').select('A+', {\n  force: true\n});\ncy.get('form').submit();\ncy.intercept('POST', '/Employee/Create').as('createEmployee');\ncy.wait(200); // Give time to ensure no POST request happens\ncy.get('@createEmployee.all').should('have.length', 0); // Assert no requests were made // Example success message",
              "err": {},
              "uuid": "cc88fdb5-1b0d-44ca-9e6a-6cfdc6edadfd",
              "parentUUID": "35e0897f-fe99-4557-8724-809cda63d1ff",
              "isHook": false,
              "skipped": false
            }
          ],
          "suites": [],
          "passes": [
            "cc88fdb5-1b0d-44ca-9e6a-6cfdc6edadfd"
          ],
          "failures": [],
          "pending": [],
          "skipped": [],
          "duration": 2343,
          "root": false,
          "rootEmpty": false,
          "_timeout": 2000
        }
      ],
      "passes": [],
      "failures": [],
      "pending": [],
      "skipped": [],
      "duration": 0,
      "root": true,
      "rootEmpty": true,
      "_timeout": 2000
    }
  ],
  "meta": {
    "mocha": {
      "version": "7.0.1"
    },
    "mochawesome": {
      "options": {
        "quiet": false,
        "reportFilename": "[name]-report",
        "saveHtml": true,
        "saveJson": true,
        "consoleReporter": "spec",
        "useInlineDiffs": false,
        "code": true
      },
      "version": "7.1.3"
    },
    "marge": {
      "options": {
        "reportDir": "cypress/reports",
        "reportFilename": "[name]-report",
        "overwrite": false,
        "html": true,
        "json": true
      },
      "version": "6.2.0"
    }
  }
}