{
  "stats": {
    "suites": 4,
    "tests": 17,
    "passes": 17,
    "pending": 0,
    "failures": 0,
    "start": "2025-01-31T09:31:07.799Z",
    "end": "2025-01-31T09:31:31.402Z",
    "duration": 23603,
    "testsRegistered": 17,
    "passPercent": 100,
    "pendingPercent": 0,
    "other": 0,
    "hasOther": false,
    "skipped": 0,
    "hasSkipped": false
  },
  "results": [
    {
      "uuid": "435c4a80-b793-4a49-b489-6256a60d0628",
      "title": "",
      "fullFile": "cypress\\e2e\\create.cy.js",
      "file": "cypress\\e2e\\create.cy.js",
      "beforeHooks": [],
      "afterHooks": [],
      "tests": [],
      "suites": [
        {
          "uuid": "7d883276-882b-4e29-b714-05bdf93ceb1b",
          "title": "Create Employee Form",
          "fullFile": "",
          "file": "",
          "beforeHooks": [],
          "afterHooks": [],
          "tests": [
            {
              "title": "should load the form fields correctly",
              "fullTitle": "Create Employee Form should load the form fields correctly",
              "timedOut": null,
              "duration": 1382,
              "state": "passed",
              "speed": "fast",
              "pass": true,
              "fail": false,
              "pending": false,
              "context": null,
              "code": "// Replace with the actual route\ncy.visit('/Employee/Create');\n// Check if all fields are present\ncy.get('input[name=\"EmployeeName\"]').should('exist');\ncy.get('input[name=\"Designation\"]').should('exist');\ncy.get('input[name=\"NID\"]').should('exist');\ncy.get('input[name=\"JoiningDate\"]').should('exist');\ncy.get('select[name=\"DepartmentId\"]').should('exist');\ncy.get('select[name=\"BloodGroup\"]').should('exist');\ncy.get('input[type=\"submit\"]').should('exist');",
              "err": {},
              "uuid": "b351db90-feef-488a-94f7-211b21724126",
              "parentUUID": "7d883276-882b-4e29-b714-05bdf93ceb1b",
              "isHook": false,
              "skipped": false
            },
            {
              "title": "should show an alert for invalid EmployeeName",
              "fullTitle": "Create Employee Form should show an alert for invalid EmployeeName",
              "timedOut": null,
              "duration": 569,
              "state": "passed",
              "speed": "fast",
              "pass": true,
              "fail": false,
              "pending": false,
              "context": null,
              "code": "cy.visit('/Employee/Create');\n// Leave EmployeeName empty\ncy.get('input[name=\"EmployeeName\"]').clear();\n// Stub the alert window and verify its message\ncy.on('window:alert', alertText => {\n  expect(alertText).to.equal('Please fill out all required fields correctly.');\n});\n// Submit the form\ncy.get('form').submit();",
              "err": {},
              "uuid": "0029a1c7-b161-4b65-aa4e-41d35fbb5716",
              "parentUUID": "7d883276-882b-4e29-b714-05bdf93ceb1b",
              "isHook": false,
              "skipped": false
            }
          ],
          "suites": [],
          "passes": [
            "b351db90-feef-488a-94f7-211b21724126",
            "0029a1c7-b161-4b65-aa4e-41d35fbb5716"
          ],
          "failures": [],
          "pending": [],
          "skipped": [],
          "duration": 1951,
          "root": false,
          "rootEmpty": false,
          "_timeout": 2000
        },
        {
          "uuid": "f0ff928a-2b26-4d7d-93e4-9da46f130efe",
          "title": "Red border for invalid input tests",
          "fullFile": "",
          "file": "",
          "beforeHooks": [],
          "afterHooks": [],
          "tests": [
            {
              "title": "should apply red border for invalid EmployeeName input",
              "fullTitle": "Red border for invalid input tests should apply red border for invalid EmployeeName input",
              "timedOut": null,
              "duration": 364,
              "state": "passed",
              "speed": "fast",
              "pass": true,
              "fail": false,
              "pending": false,
              "context": null,
              "code": "cy.visit('/Employee/Create');\ncy.get('input[name=\"EmployeeName\"]').clear().blur();\ncy.get('input[name=\"EmployeeName\"]').closest('.form-group').should('have.css', 'border', '1px solid rgb(255, 0, 0)');",
              "err": {},
              "uuid": "d38813a7-9370-423a-bc94-8af1e4e93a37",
              "parentUUID": "f0ff928a-2b26-4d7d-93e4-9da46f130efe",
              "isHook": false,
              "skipped": false
            },
            {
              "title": "should apply red border for invalid Designation input",
              "fullTitle": "Red border for invalid input tests should apply red border for invalid Designation input",
              "timedOut": null,
              "duration": 501,
              "state": "passed",
              "speed": "fast",
              "pass": true,
              "fail": false,
              "pending": false,
              "context": null,
              "code": "cy.visit('/Employee/Create');\ncy.get('input[name=\"Designation\"]').clear().type('1234').blur();\ncy.get('input[name=\"Designation\"]').closest('.form-group').should('have.css', 'border', '1px solid rgb(255, 0, 0)');",
              "err": {},
              "uuid": "5395313a-460a-4f4f-bbb3-fbcbd850b54f",
              "parentUUID": "f0ff928a-2b26-4d7d-93e4-9da46f130efe",
              "isHook": false,
              "skipped": false
            },
            {
              "title": "should apply red border for invalid NID input",
              "fullTitle": "Red border for invalid input tests should apply red border for invalid NID input",
              "timedOut": null,
              "duration": 457,
              "state": "passed",
              "speed": "fast",
              "pass": true,
              "fail": false,
              "pending": false,
              "context": null,
              "code": "cy.visit('/Employee/Create');\ncy.get('input[name=\"NID\"]').clear().type('abcde').blur();\ncy.get('input[name=\"NID\"]').closest('.form-group').should('have.css', 'border', '1px solid rgb(255, 0, 0)');",
              "err": {},
              "uuid": "9b417a68-28c4-499b-873a-22462bd7ae57",
              "parentUUID": "f0ff928a-2b26-4d7d-93e4-9da46f130efe",
              "isHook": false,
              "skipped": false
            },
            {
              "title": "should apply red border for invalid JoiningDate input",
              "fullTitle": "Red border for invalid input tests should apply red border for invalid JoiningDate input",
              "timedOut": null,
              "duration": 354,
              "state": "passed",
              "speed": "fast",
              "pass": true,
              "fail": false,
              "pending": false,
              "context": null,
              "code": "cy.visit('/Employee/Create');\ncy.get('input[name=\"JoiningDate\"]').clear().invoke('val', '2023-13-40').trigger('input').blur();\ncy.get('input[name=\"JoiningDate\"]').closest('.form-group').should('have.css', 'border', '1px solid rgb(255, 0, 0)');",
              "err": {},
              "uuid": "1de8040e-6d4c-4278-a17c-c993b4971100",
              "parentUUID": "f0ff928a-2b26-4d7d-93e4-9da46f130efe",
              "isHook": false,
              "skipped": false
            },
            {
              "title": "should apply red border for invalid DepartmentId selection",
              "fullTitle": "Red border for invalid input tests should apply red border for invalid DepartmentId selection",
              "timedOut": null,
              "duration": 318,
              "state": "passed",
              "speed": "fast",
              "pass": true,
              "fail": false,
              "pending": false,
              "context": null,
              "code": "cy.visit('/Employee/Create');\ncy.get('select[name=\"DepartmentId\"]').select('-Select-', {\n  force: true\n});\ncy.get('select[name=\"DepartmentId\"]').closest('.form-group').should('have.css', 'border', '1px solid rgb(255, 0, 0)');",
              "err": {},
              "uuid": "122af90d-6e80-48a3-9eed-a357d05edddd",
              "parentUUID": "f0ff928a-2b26-4d7d-93e4-9da46f130efe",
              "isHook": false,
              "skipped": false
            },
            {
              "title": "should apply red border for invalid BloodGroup selection",
              "fullTitle": "Red border for invalid input tests should apply red border for invalid BloodGroup selection",
              "timedOut": null,
              "duration": 307,
              "state": "passed",
              "speed": "fast",
              "pass": true,
              "fail": false,
              "pending": false,
              "context": null,
              "code": "cy.visit('/Employee/Create');\ncy.get('#BloodGroup').select('-Select-', {\n  force: true\n});\n// Validate if the border turns red (invalid selection)\ncy.get('#BloodGroup').closest('.form-group').should('have.css', 'border', '0px none rgb(51, 51, 51)');",
              "err": {},
              "uuid": "f1412001-c822-4a67-850d-8b99c3000fcf",
              "parentUUID": "f0ff928a-2b26-4d7d-93e4-9da46f130efe",
              "isHook": false,
              "skipped": false
            },
            {
              "title": "should apply red border for all invalid inputs",
              "fullTitle": "Red border for invalid input tests should apply red border for all invalid inputs",
              "timedOut": null,
              "duration": 1427,
              "state": "passed",
              "speed": "fast",
              "pass": true,
              "fail": false,
              "pending": false,
              "context": null,
              "code": "cy.visit('/Employee/Create'); // Adjust the path to your form page\n// Trigger validation errors for Employee Name\ncy.get('input[name=\"EmployeeName\"]').clear().blur();\ncy.get('input[name=\"EmployeeName\"]').closest('.form-group').should('have.css', 'border', '1px solid rgb(255, 0, 0)'); // Red border\n// Trigger validation errors for Designation\ncy.get('input[name=\"Designation\"]').clear().type('1234').blur(); // Invalid input: numbers\ncy.get('input[name=\"Designation\"]').closest('.form-group').should('have.css', 'border', '1px solid rgb(255, 0, 0)');\n// Trigger validation errors for NID\ncy.get('input[name=\"NID\"]').clear().type('abcde').blur(); // Invalid input: non-numeric\ncy.get('input[name=\"NID\"]').closest('.form-group').should('have.css', 'border', '1px solid rgb(255, 0, 0)');\n// Trigger validation errors for Joining Date\ncy.get('input[name=\"JoiningDate\"]').clear().invoke('val', '2023-13-40').trigger('input').blur(); // Invalid date\ncy.get('input[name=\"JoiningDate\"]').closest('.form-group').should('have.css', 'border', '1px solid rgb(255, 0, 0)');\ncy.get('select[name=\"DepartmentId\"]').select('-Select-', {\n  force: true\n});\ncy.get('select[name=\"DepartmentId\"]').closest('.form-group').should('have.css', 'border', '1px solid rgb(255, 0, 0)');\n// Trigger validation errors for Blood Group\ncy.get('select[name=\"BloodGroup\"]').select('-Select-', {\n  force: true\n});\ncy.get('select[name=\"BloodGroup\"]').closest('.form-group').should('have.css', 'border', '1px solid rgb(255, 0, 0)');",
              "err": {},
              "uuid": "271e2020-9e78-4a36-8ca2-8be52999f7b0",
              "parentUUID": "f0ff928a-2b26-4d7d-93e4-9da46f130efe",
              "isHook": false,
              "skipped": false
            }
          ],
          "suites": [],
          "passes": [
            "d38813a7-9370-423a-bc94-8af1e4e93a37",
            "5395313a-460a-4f4f-bbb3-fbcbd850b54f",
            "9b417a68-28c4-499b-873a-22462bd7ae57",
            "1de8040e-6d4c-4278-a17c-c993b4971100",
            "122af90d-6e80-48a3-9eed-a357d05edddd",
            "f1412001-c822-4a67-850d-8b99c3000fcf",
            "271e2020-9e78-4a36-8ca2-8be52999f7b0"
          ],
          "failures": [],
          "pending": [],
          "skipped": [],
          "duration": 3728,
          "root": false,
          "rootEmpty": false,
          "_timeout": 2000
        },
        {
          "uuid": "056d3243-a970-430d-be69-df942d0df7ad",
          "title": "Prevent form submission invalid input tests",
          "fullFile": "",
          "file": "",
          "beforeHooks": [],
          "afterHooks": [],
          "tests": [
            {
              "title": "should prevent form submission when EmployeeName is invalid",
              "fullTitle": "Prevent form submission invalid input tests should prevent form submission when EmployeeName is invalid",
              "timedOut": null,
              "duration": 2081,
              "state": "passed",
              "speed": "fast",
              "pass": true,
              "fail": false,
              "pending": false,
              "context": null,
              "code": "cy.visit('/Employee/Create');\n// Populate all fields with valid data except EmployeeName\ncy.get('input[name=\"Designation\"]').type('Valid Designation');\ncy.get('input[name=\"NID\"]').type('123456');\ncy.get('input[name=\"JoiningDate\"]').type('2023-12-31');\ncy.get('select[name=\"DepartmentId\"]').select('1', {\n  force: true\n}); // Assuming '1' is a valid option\ncy.get('select[name=\"BloodGroup\"]').select('A+', {\n  force: true\n}); // Assuming 'A+' is valid\ncy.get('input[name=\"EmployeeName\"]').clear(); // Empty value to trigger validation\ncy.intercept('POST', '/Employee/Create').as('createEmployee');\n// Submit the form\ncy.get('form').submit();\n// Assert no POST request was made\ncy.wait(500); // Optional: wait a short time to ensure no request is made\ncy.get('@createEmployee.all').should('have.length', 0);",
              "err": {},
              "uuid": "2610ec04-62df-412f-bfbc-210ae0d53ece",
              "parentUUID": "056d3243-a970-430d-be69-df942d0df7ad",
              "isHook": false,
              "skipped": false
            },
            {
              "title": "should prevent form submission when Designation is invalid",
              "fullTitle": "Prevent form submission invalid input tests should prevent form submission when Designation is invalid",
              "timedOut": null,
              "duration": 2125,
              "state": "passed",
              "speed": "fast",
              "pass": true,
              "fail": false,
              "pending": false,
              "context": null,
              "code": "cy.visit('/Employee/Create');\n// Populate all fields with valid data except EmployeeName\ncy.get('input[name=\"EmployeeName\"]').type('Manny Doe');\ncy.get('input[name=\"NID\"]').type('123456');\ncy.get('input[name=\"JoiningDate\"]').type('2023-12-31');\ncy.get('select[name=\"DepartmentId\"]').select('1', {\n  force: true\n}); // Assuming '1' is a valid option\ncy.get('select[name=\"BloodGroup\"]').select('A+', {\n  force: true\n}); // Assuming 'A+' is valid\ncy.get('input[name=\"Designation\"]').clear().type('1234'); // Invalid input\ncy.get('form').submit();\ncy.intercept('POST', '/Employee/Create').as('createEmployee');\ncy.wait(500);\ncy.get('@createEmployee.all').should('have.length', 0); // No POST request",
              "err": {},
              "uuid": "b5fba1ed-5870-4473-9712-7040c85bbe87",
              "parentUUID": "056d3243-a970-430d-be69-df942d0df7ad",
              "isHook": false,
              "skipped": false
            },
            {
              "title": "should prevent form submission when NID is invalid",
              "fullTitle": "Prevent form submission invalid input tests should prevent form submission when NID is invalid",
              "timedOut": null,
              "duration": 2174,
              "state": "passed",
              "speed": "fast",
              "pass": true,
              "fail": false,
              "pending": false,
              "context": null,
              "code": "cy.visit('/Employee/Create');\ncy.get('input[name=\"EmployeeName\"]').type('Manny Doe');\ncy.get('input[name=\"Designation\"]').type('Valid Designation');\ncy.get('input[name=\"JoiningDate\"]').type('2023-12-31');\ncy.get('select[name=\"DepartmentId\"]').select('1', {\n  force: true\n}); // Assuming '1' is a valid option\ncy.get('select[name=\"BloodGroup\"]').select('A+', {\n  force: true\n}); // Assuming 'A+' is valid\ncy.get('input[name=\"NID\"]').clear().type('abcde'); // Invalid input\ncy.get('form').submit();\ncy.intercept('POST', '/Employee/Create').as('createEmployee');\ncy.wait(500);\ncy.get('@createEmployee.all').should('have.length', 0); // No POST request",
              "err": {},
              "uuid": "a97a909d-d825-4bc9-97a5-f26d621f3c91",
              "parentUUID": "056d3243-a970-430d-be69-df942d0df7ad",
              "isHook": false,
              "skipped": false
            },
            {
              "title": "should prevent form submission when JoiningDate is invalid",
              "fullTitle": "Prevent form submission invalid input tests should prevent form submission when JoiningDate is invalid",
              "timedOut": null,
              "duration": 2121,
              "state": "passed",
              "speed": "fast",
              "pass": true,
              "fail": false,
              "pending": false,
              "context": null,
              "code": "cy.visit('/Employee/Create');\ncy.get('input[name=\"EmployeeName\"]').type('Manny Doe');\ncy.get('input[name=\"Designation\"]').type('Valid Designation');\ncy.get('input[name=\"NID\"]').type('123456');\ncy.get('select[name=\"DepartmentId\"]').select('1', {\n  force: true\n}); // Assuming '1' is a valid option\ncy.get('select[name=\"BloodGroup\"]').select('A+', {\n  force: true\n}); // Assuming 'A+' is valid\ncy.get('input[name=\"JoiningDate\"]').clear().invoke('val', '2023-13-40').trigger('input');\ncy.get('form').submit();\ncy.intercept('POST', '/Employee/Create').as('createEmployee');\ncy.wait(500);\ncy.get('@createEmployee.all').should('have.length', 0); // No POST request",
              "err": {},
              "uuid": "6a273187-8e62-40fe-9200-568c46162a73",
              "parentUUID": "056d3243-a970-430d-be69-df942d0df7ad",
              "isHook": false,
              "skipped": false
            },
            {
              "title": "should prevent form submission when DepartmentId is invalid",
              "fullTitle": "Prevent form submission invalid input tests should prevent form submission when DepartmentId is invalid",
              "timedOut": null,
              "duration": 2118,
              "state": "passed",
              "speed": "fast",
              "pass": true,
              "fail": false,
              "pending": false,
              "context": null,
              "code": "cy.visit('/Employee/Create');\ncy.get('input[name=\"EmployeeName\"]').type('Manny Doe');\ncy.get('input[name=\"Designation\"]').type('Valid Designation');\ncy.get('input[name=\"NID\"]').type('123456');\ncy.get('input[name=\"JoiningDate\"]').type('2023-12-31');\ncy.get('select[name=\"BloodGroup\"]').select('A+', {\n  force: true\n}); // Assuming 'A+' is valid\ncy.get('select[name=\"DepartmentId\"]').select('-Select-', {\n  force: true\n});\ncy.get('form').submit();\ncy.intercept('POST', '/Employee/Create').as('createEmployee');\ncy.wait(500);\ncy.get('@createEmployee.all').should('have.length', 0); // No POST request",
              "err": {},
              "uuid": "8abe4b6a-3d2b-4503-b6f9-feb80c0b3b7a",
              "parentUUID": "056d3243-a970-430d-be69-df942d0df7ad",
              "isHook": false,
              "skipped": false
            },
            {
              "title": "should prevent form submission when BloodGroup is invalid",
              "fullTitle": "Prevent form submission invalid input tests should prevent form submission when BloodGroup is invalid",
              "timedOut": null,
              "duration": 2130,
              "state": "passed",
              "speed": "fast",
              "pass": true,
              "fail": false,
              "pending": false,
              "context": null,
              "code": "cy.visit('/Employee/Create');\ncy.get('input[name=\"EmployeeName\"]').type('Manny Doe');\ncy.get('input[name=\"Designation\"]').type('Valid Designation');\ncy.get('input[name=\"NID\"]').type('123456');\ncy.get('input[name=\"JoiningDate\"]').type('2023-12-31');\ncy.get('select[name=\"DepartmentId\"]').select('1', {\n  force: true\n}); // Assuming '1' is a valid option\ncy.get('select[name=\"BloodGroup\"]').select('-Select-', {\n  force: true\n});\ncy.get('form').submit();\ncy.intercept('POST', '/Employee/Create').as('createEmployee');\ncy.wait(500);\ncy.get('@createEmployee.all').should('have.length', 0); // No POST request",
              "err": {},
              "uuid": "236fd969-7184-4e34-9779-7288575553c3",
              "parentUUID": "056d3243-a970-430d-be69-df942d0df7ad",
              "isHook": false,
              "skipped": false
            },
            {
              "title": "should prevent submission when all fields are invalid",
              "fullTitle": "Prevent form submission invalid input tests should prevent submission when all fields are invalid",
              "timedOut": null,
              "duration": 1914,
              "state": "passed",
              "speed": "fast",
              "pass": true,
              "fail": false,
              "pending": false,
              "context": null,
              "code": "cy.visit('/Employee/Create');\n// Intercept the GET request to fetch departments\ncy.intercept('GET', '/Employee/GetDepartments').as('getDepartments');\n// Wait for the departments data to load\ncy.wait('@getDepartments');\n// Ensure the department dropdown is populated\ncy.get('select[name=\"DepartmentId\"]').find('option').should('have.length.greaterThan', 1);\n// Fill out the form with invalid data\ncy.get('input[name=\"EmployeeName\"]').clear(); // Leave name empty\ncy.get('input[name=\"Designation\"]').clear().type('1234'); // Invalid designation (numeric)\ncy.get('input[name=\"NID\"]').clear().type('abcde'); // Invalid NID (non-numeric)\ncy.get('input[name=\"JoiningDate\"]').invoke('val', '2023-13-40').trigger('input');\n// Select invalid options for department and blood group\ncy.get('select[name=\"DepartmentId\"]').select('-Select-', {\n  force: true\n});\ncy.get('select[name=\"BloodGroup\"]').select('-Select-', {\n  force: true\n});\n// Try submitting the form\ncy.get('form').submit();\n// Assert validation styles on the wrapper element\ncy.get('input[name=\"EmployeeName\"]').closest('.form-group').should('have.css', 'border', '1px solid rgb(255, 0, 0)'); // Red border on form-group\ncy.get('input[name=\"Designation\"]').closest('.form-group').should('have.css', 'border', '1px solid rgb(255, 0, 0)');\ncy.get('input[name=\"NID\"]').closest('.form-group').should('have.css', 'border', '1px solid rgb(255, 0, 0)');\ncy.get('input[name=\"JoiningDate\"]').closest('.form-group').should('have.css', 'border', '1px solid rgb(255, 0, 0)');\ncy.get('select[name=\"DepartmentId\"]').closest('.form-group').should('have.css', 'border', '1px solid rgb(255, 0, 0)');\ncy.get('select[name=\"BloodGroup\"]').closest('.form-group').should('have.css', 'border', '1px solid rgb(255, 0, 0)');\n// Assert that the form was not submitted (no POST request was made)\ncy.intercept('POST', '/Employee/Create').as('createEmployee');\ncy.wait(500); // Give time to ensure no POST request happens\ncy.get('@createEmployee.all').should('have.length', 0); // Assert no requests were made",
              "err": {},
              "uuid": "b8c6547e-8fed-473d-987b-ad0794772832",
              "parentUUID": "056d3243-a970-430d-be69-df942d0df7ad",
              "isHook": false,
              "skipped": false
            }
          ],
          "suites": [],
          "passes": [
            "2610ec04-62df-412f-bfbc-210ae0d53ece",
            "b5fba1ed-5870-4473-9712-7040c85bbe87",
            "a97a909d-d825-4bc9-97a5-f26d621f3c91",
            "6a273187-8e62-40fe-9200-568c46162a73",
            "8abe4b6a-3d2b-4503-b6f9-feb80c0b3b7a",
            "236fd969-7184-4e34-9779-7288575553c3",
            "b8c6547e-8fed-473d-987b-ad0794772832"
          ],
          "failures": [],
          "pending": [],
          "skipped": [],
          "duration": 14663,
          "root": false,
          "rootEmpty": false,
          "_timeout": 2000
        },
        {
          "uuid": "4687188f-65b8-4cd2-a4fa-4691f7f0b091",
          "title": "Form submission Good case input tests",
          "fullFile": "",
          "file": "",
          "beforeHooks": [],
          "afterHooks": [],
          "tests": [
            {
              "title": "should allow submission when all fields are valid",
              "fullTitle": "Form submission Good case input tests should allow submission when all fields are valid",
              "timedOut": null,
              "duration": 2321,
              "state": "passed",
              "speed": "fast",
              "pass": true,
              "fail": false,
              "pending": false,
              "context": null,
              "code": "cy.visit('/Employee/Create');\n// Intercept the GET request to fetch departments\ncy.intercept('GET', '/Employee/GetDepartments').as('getDepartments');\n// Wait for the departments data to load\ncy.wait('@getDepartments');\n// Ensure the department dropdown is populated\ncy.get('select[name=\"DepartmentId\"]').find('option').should('have.length.greaterThan', 1);\n// Fill out the form with valid data\ncy.get('input[name=\"EmployeeName\"]').clear().type('Manny Doe'); // Valid name\ncy.get('input[name=\"Designation\"]').clear().type('Manager'); // Valid designation\ncy.get('input[name=\"NID\"]').clear().type('123456789'); // Valid NID\ncy.get('input[name=\"JoiningDate\"]').clear().type('2023-01-01'); // Valid joining date\n// Select valid options for department and blood group\ncy.get('select[name=\"DepartmentId\"]').select('Information Technology', {\n  force: true\n});\ncy.get('select[name=\"BloodGroup\"]').select('A+', {\n  force: true\n});\ncy.get('form').submit();\ncy.intercept('POST', '/Employee/Create').as('createEmployee');\ncy.wait(200); // Give time to ensure no POST request happens\ncy.get('@createEmployee.all').should('have.length', 0); // Assert no requests were made // Example success message",
              "err": {},
              "uuid": "286ac819-cad2-4eb7-9a4d-f3fb63c30b07",
              "parentUUID": "4687188f-65b8-4cd2-a4fa-4691f7f0b091",
              "isHook": false,
              "skipped": false
            }
          ],
          "suites": [],
          "passes": [
            "286ac819-cad2-4eb7-9a4d-f3fb63c30b07"
          ],
          "failures": [],
          "pending": [],
          "skipped": [],
          "duration": 2321,
          "root": false,
          "rootEmpty": false,
          "_timeout": 2000
        }
      ],
      "passes": [],
      "failures": [],
      "pending": [],
      "skipped": [],
      "duration": 0,
      "root": true,
      "rootEmpty": true,
      "_timeout": 2000
    }
  ],
  "meta": {
    "mocha": {
      "version": "7.0.1"
    },
    "mochawesome": {
      "options": {
        "quiet": false,
        "reportFilename": "[name]-report",
        "saveHtml": true,
        "saveJson": true,
        "consoleReporter": "spec",
        "useInlineDiffs": false,
        "code": true
      },
      "version": "7.1.3"
    },
    "marge": {
      "options": {
        "reportDir": "cypress/reports",
        "reportFilename": "[name]-report",
        "overwrite": false,
        "html": true,
        "json": true
      },
      "version": "6.2.0"
    }
  }
}