{
  "stats": {
    "suites": 0,
    "tests": 1,
    "passes": 1,
    "pending": 0,
    "failures": 0,
    "start": "2025-01-23T10:23:12.262Z",
    "end": "2025-01-23T10:23:13.365Z",
    "duration": 1103,
    "testsRegistered": 1,
    "passPercent": 100,
    "pendingPercent": 0,
    "other": 0,
    "hasOther": false,
    "skipped": 0,
    "hasSkipped": false
  },
  "results": [
    {
      "uuid": "c1d4a4e3-88bc-4e38-b427-914a9eb4fe36",
      "title": "",
      "fullFile": "cypress\\e2e\\delete.cy.js",
      "file": "cypress\\e2e\\delete.cy.js",
      "beforeHooks": [],
      "afterHooks": [],
      "tests": [
        {
          "title": "should successfully delete an employee and update the employee list",
          "fullTitle": "should successfully delete an employee and update the employee list",
          "timedOut": null,
          "duration": 936,
          "state": "passed",
          "speed": "fast",
          "pass": true,
          "fail": false,
          "pending": false,
          "context": null,
          "code": "cy.visit('/Employee'); // Visit the employee listing page\n// // Step 1: Capture the initial number of employees (rows in the table)\n// cy.get('#employeeTable tbody tr').then(($rows) => {\n//   const initialCount = $rows.length; // Capture the initial row count\n//   cy.log(`Initial employee count: ${initialCount}`); // Log initial count for verification\n//   // Step 2: Click the delete button of the first employee\n//   cy.get('#employeeTable tbody tr').first().find('.delete-btn').click(); // Click the delete button\n//   // Wait for the page to reload or for the table to update after deletion\n//   cy.url().should('include', '/Employee'); // Ensure we are on the employee listing page after the action\n//   // Step 3: Capture the updated number of rows and check if it is reduced by 1\n//   cy.get('#employeeTable tbody tr').then(($updatedRows) => {\n//     const updatedCount = $updatedRows.length; // Capture the updated row count\n//     cy.log(`Updated employee count: ${updatedCount}`); // Log updated count for verification\n//     // Verify that the row count has decreased by 1\n//     expect(updatedCount).to.eq(initialCount - 1); // Assert that the row count has decreased by 1\n//   });\n// });",
          "err": {},
          "uuid": "78ac8411-f3bd-4c68-9219-b0bed108c9da",
          "parentUUID": "c1d4a4e3-88bc-4e38-b427-914a9eb4fe36",
          "isHook": false,
          "skipped": false
        }
      ],
      "suites": [],
      "passes": [
        "78ac8411-f3bd-4c68-9219-b0bed108c9da"
      ],
      "failures": [],
      "pending": [],
      "skipped": [],
      "duration": 936,
      "root": true,
      "rootEmpty": false,
      "_timeout": 2000
    }
  ],
  "meta": {
    "mocha": {
      "version": "7.0.1"
    },
    "mochawesome": {
      "options": {
        "quiet": false,
        "reportFilename": "[name]-report",
        "saveHtml": true,
        "saveJson": true,
        "consoleReporter": "spec",
        "useInlineDiffs": false,
        "code": true
      },
      "version": "7.1.3"
    },
    "marge": {
      "options": {
        "reportDir": "cypress/reports",
        "reportFilename": "[name]-report",
        "overwrite": false,
        "html": true,
        "json": true
      },
      "version": "6.2.0"
    }
  }
}