{
  "stats": {
    "suites": 4,
    "tests": 4,
    "passes": 4,
    "pending": 0,
    "failures": 0,
    "start": "2025-01-23T10:23:18.571Z",
    "end": "2025-01-23T10:23:29.086Z",
    "duration": 10515,
    "testsRegistered": 4,
    "passPercent": 100,
    "pendingPercent": 0,
    "other": 0,
    "hasOther": false,
    "skipped": 0,
    "hasSkipped": false
  },
  "results": [
    {
      "uuid": "267f55ca-1dcc-4b76-a133-44a649ade827",
      "title": "",
      "fullFile": "cypress\\e2e\\loader-edit.cy.js",
      "file": "cypress\\e2e\\loader-edit.cy.js",
      "beforeHooks": [],
      "afterHooks": [],
      "tests": [],
      "suites": [
        {
          "uuid": "1201b784-0d19-444f-9289-90e217ccc590",
          "title": "Employee Table Loader",
          "fullFile": "",
          "file": "",
          "beforeHooks": [],
          "afterHooks": [],
          "tests": [
            {
              "title": "should display loader and then show the table",
              "fullTitle": "Employee Table Loader should display loader and then show the table",
              "timedOut": null,
              "duration": 2397,
              "state": "passed",
              "speed": "fast",
              "pass": true,
              "fail": false,
              "pending": false,
              "context": null,
              "code": "cy.visit('/Employee'); // Adjust the route as per your app\n// Loader should be visible initially\ncy.get('#loader').should('be.visible');\n// Loader should disappear and table should be visible after 1.5 seconds\n// cy.wait(1800); // Adjust the wait time to match your loader timeout\n// cy.get('#loader', { timeout: 6000 }).should('have.css', 'display', 'none');\ncy.get('#loader', {\n  timeout: 6000\n}).should('not.be.visible') // Checks visibility\n.and('have.css', 'display', 'none'); // Checks display property\n// cy.get('#loader').should('not.exist');\ncy.get('#employeeTable').should('be.visible');",
              "err": {},
              "uuid": "9f193281-9d1c-45a9-9bb6-b56b4fb1f134",
              "parentUUID": "1201b784-0d19-444f-9289-90e217ccc590",
              "isHook": false,
              "skipped": false
            }
          ],
          "suites": [],
          "passes": [
            "9f193281-9d1c-45a9-9bb6-b56b4fb1f134"
          ],
          "failures": [],
          "pending": [],
          "skipped": [],
          "duration": 2397,
          "root": false,
          "rootEmpty": false,
          "_timeout": 2000
        },
        {
          "uuid": "f9b49b65-4747-4dbf-a997-8d0d3f3e04d9",
          "title": "Edit Button Functionality",
          "fullFile": "",
          "file": "",
          "beforeHooks": [],
          "afterHooks": [],
          "tests": [
            {
              "title": "should toggle view and edit modes when Edit is clicked",
              "fullTitle": "Edit Button Functionality should toggle view and edit modes when Edit is clicked",
              "timedOut": null,
              "duration": 1971,
              "state": "passed",
              "speed": "fast",
              "pass": true,
              "fail": false,
              "pending": false,
              "context": null,
              "code": "cy.visit('/Employee');\n// Click the Edit button on the first row\ncy.get('#employeeTable tbody tr').first().within(() => {\n  cy.get('.edit-btn').click();\n  // Verify view-mode is hidden and edit-mode is visible\n  cy.get('.view-mode').should('not.be.visible');\n  cy.get('.edit-mode').should('be.visible');\n  // Verify Save button is visible\n  cy.get('.save-btn').should('be.visible');\n});",
              "err": {},
              "uuid": "44f74112-cda3-4615-9ca4-f85df6608c8d",
              "parentUUID": "f9b49b65-4747-4dbf-a997-8d0d3f3e04d9",
              "isHook": false,
              "skipped": false
            }
          ],
          "suites": [],
          "passes": [
            "44f74112-cda3-4615-9ca4-f85df6608c8d"
          ],
          "failures": [],
          "pending": [],
          "skipped": [],
          "duration": 1971,
          "root": false,
          "rootEmpty": false,
          "_timeout": 2000
        },
        {
          "uuid": "426a6c53-76b9-48e2-ae50-5c389d427654",
          "title": "Save Employee Data",
          "fullFile": "",
          "file": "",
          "beforeHooks": [],
          "afterHooks": [],
          "tests": [
            {
              "title": "should simulate employee details update without making an actual API call",
              "fullTitle": "Save Employee Data should simulate employee details update without making an actual API call",
              "timedOut": null,
              "duration": 3232,
              "state": "passed",
              "speed": "fast",
              "pass": true,
              "fail": false,
              "pending": false,
              "context": null,
              "code": "cy.visit('/Employee'); // Replace with your app's route\n// Interact with the form to edit employee details\ncy.get('.edit-btn').first().click();\n// Use the 'input' selectors by the 'class' or 'type' to interact with the fields\ncy.get('input.edit-mode').eq(0).clear().type('Updated Name'); // Employee Name\ncy.get('input.edit-mode').eq(1).clear().type('Updated Designation'); // Designation\n// Set up intercept for the POST request to mock the response\ncy.intercept('POST', '/Employee/Edit', {\n  statusCode: 200,\n  // Simulate a successful response\n  body: {\n    status: 'success',\n    message: 'Employee updated successfully'\n  }\n}).as('editEmployee');\n// Click the save button to simulate saving the changes\ncy.get('.save-btn').first().click();\n// Wait for the mocked API call\ncy.wait('@editEmployee').then(({\n  request,\n  response\n}) => {\n  console.log('Actual request body:', request.body);\n  // Assert that the request payload contains the correct values\n  // expect(request.body).to.have.property('EmployeeName', 'Updated Name');\n  // expect(request.body).to.have.property('Designation', 'Updated Designation');\n  expect(request.body).to.include({\n    EmployeeName: 'Updated Name',\n    Designation: 'Updated Designation'\n  });\n  // Assert that the mocked response is successful\n  expect(response.body.status).to.eq('success');\n  cy.get('.view-mode').eq(0).invoke('text', 'Updated Name');\n  cy.get('.view-mode').eq(1).invoke('text', 'Updated Designation');\n});\ncy.get('.view-mode').eq(0).should('contain', 'Updated Name'); // Check updated name\ncy.get('.view-mode').eq(1).should('contain', 'Updated Designation'); // Check",
              "err": {},
              "uuid": "f49d0595-4652-4c82-a5f9-4f97ad6d6187",
              "parentUUID": "426a6c53-76b9-48e2-ae50-5c389d427654",
              "isHook": false,
              "skipped": false
            }
          ],
          "suites": [],
          "passes": [
            "f49d0595-4652-4c82-a5f9-4f97ad6d6187"
          ],
          "failures": [],
          "pending": [],
          "skipped": [],
          "duration": 3232,
          "root": false,
          "rootEmpty": false,
          "_timeout": 2000
        },
        {
          "uuid": "f61ea4e7-e577-45d0-bee7-c24cc3c2e4ef",
          "title": "Save Button Error Handling",
          "fullFile": "",
          "file": "",
          "beforeHooks": [],
          "afterHooks": [],
          "tests": [
            {
              "title": "should display an error message on failed save",
              "fullTitle": "Save Button Error Handling should display an error message on failed save",
              "timedOut": null,
              "duration": 2501,
              "state": "passed",
              "speed": "fast",
              "pass": true,
              "fail": false,
              "pending": false,
              "context": null,
              "code": "cy.visit('/Employee');\n// Wait for the table to load\n// Intercept the AJAX call to simulate a failure\ncy.intercept('POST', '/Employee/Edit', {\n  statusCode: 500\n}).as('saveEmployee');\n// Click the Edit button\ncy.get('#employeeTable tbody tr').first().within(() => {\n  cy.get('.edit-btn').click();\n  // Update the employee name\n  cy.get('input').first().clear().type('Updated Name');\n});\n// Click the Save button after setting up the intercept\ncy.get('#employeeTable tbody tr').first().within(() => {\n  cy.get('.save-btn').click();\n});\n// Verify that the AJAX request was made\ncy.wait('@saveEmployee');\n// Verify error alert is shown\ncy.on('window:alert', str => {\n  expect(str).to.equal('Error updating employee details.');\n});",
              "err": {},
              "uuid": "8843022f-dc55-4310-b184-b568e6319aa2",
              "parentUUID": "f61ea4e7-e577-45d0-bee7-c24cc3c2e4ef",
              "isHook": false,
              "skipped": false
            }
          ],
          "suites": [],
          "passes": [
            "8843022f-dc55-4310-b184-b568e6319aa2"
          ],
          "failures": [],
          "pending": [],
          "skipped": [],
          "duration": 2501,
          "root": false,
          "rootEmpty": false,
          "_timeout": 2000
        }
      ],
      "passes": [],
      "failures": [],
      "pending": [],
      "skipped": [],
      "duration": 0,
      "root": true,
      "rootEmpty": true,
      "_timeout": 2000
    }
  ],
  "meta": {
    "mocha": {
      "version": "7.0.1"
    },
    "mochawesome": {
      "options": {
        "quiet": false,
        "reportFilename": "[name]-report",
        "saveHtml": true,
        "saveJson": true,
        "consoleReporter": "spec",
        "useInlineDiffs": false,
        "code": true
      },
      "version": "7.1.3"
    },
    "marge": {
      "options": {
        "reportDir": "cypress/reports",
        "reportFilename": "[name]-report",
        "overwrite": false,
        "html": true,
        "json": true
      },
      "version": "6.2.0"
    }
  }
}