{
  "stats": {
    "suites": 4,
    "tests": 4,
    "passes": 4,
    "pending": 0,
    "failures": 0,
    "start": "2025-02-06T08:50:32.564Z",
    "end": "2025-02-06T08:50:42.918Z",
    "duration": 10354,
    "testsRegistered": 4,
    "passPercent": 100,
    "pendingPercent": 0,
    "other": 0,
    "hasOther": false,
    "skipped": 0,
    "hasSkipped": false
  },
  "results": [
    {
      "uuid": "81f47bbf-1a88-4df4-b33d-188c31713ab4",
      "title": "",
      "fullFile": "cypress\\e2e\\loader-edit.cy.js",
      "file": "cypress\\e2e\\loader-edit.cy.js",
      "beforeHooks": [],
      "afterHooks": [],
      "tests": [],
      "suites": [
        {
          "uuid": "39b7e9e1-fc8a-46b0-a27b-7c0b350d0dcb",
          "title": "Employee Table Loader",
          "fullFile": "",
          "file": "",
          "beforeHooks": [],
          "afterHooks": [],
          "tests": [
            {
              "title": "should display loader and then show the table",
              "fullTitle": "Employee Table Loader should display loader and then show the table",
              "timedOut": null,
              "duration": 2353,
              "state": "passed",
              "speed": "fast",
              "pass": true,
              "fail": false,
              "pending": false,
              "context": null,
              "code": "cy.visit('/Employee'); // Adjust the route as per your app\n// Loader should be visible initially\ncy.get('#loader').should('be.visible');\n// Loader should disappear and table should be visible after 1.5 seconds\n// cy.wait(1800); // Adjust the wait time to match your loader timeout\n// cy.get('#loader', { timeout: 6000 }).should('have.css', 'display', 'none');\ncy.get('#loader', {\n  timeout: 6000\n}).should('not.be.visible') // Checks visibility\n.and('have.css', 'display', 'none'); // Checks display property\n// cy.get('#loader').should('not.exist');\ncy.get('#employeeTable').should('be.visible');",
              "err": {},
              "uuid": "3ae6695f-3929-451e-a2da-013046bac827",
              "parentUUID": "39b7e9e1-fc8a-46b0-a27b-7c0b350d0dcb",
              "isHook": false,
              "skipped": false
            }
          ],
          "suites": [],
          "passes": [
            "3ae6695f-3929-451e-a2da-013046bac827"
          ],
          "failures": [],
          "pending": [],
          "skipped": [],
          "duration": 2353,
          "root": false,
          "rootEmpty": false,
          "_timeout": 2000
        },
        {
          "uuid": "959c43ff-baea-47a6-a40a-280a7fecb4e9",
          "title": "Edit Button Functionality",
          "fullFile": "",
          "file": "",
          "beforeHooks": [],
          "afterHooks": [],
          "tests": [
            {
              "title": "should toggle view and edit modes when Edit is clicked",
              "fullTitle": "Edit Button Functionality should toggle view and edit modes when Edit is clicked",
              "timedOut": null,
              "duration": 2101,
              "state": "passed",
              "speed": "fast",
              "pass": true,
              "fail": false,
              "pending": false,
              "context": null,
              "code": "cy.visit('/Employee');\n// Click the Edit button on the first row\ncy.get('#employeeTable tbody tr').first().within(() => {\n  cy.get('.edit-btn').click();\n  // Verify view-mode is hidden and edit-mode is visible\n  cy.get('.view-mode').should('not.be.visible');\n  cy.get('.edit-mode').should('be.visible');\n  // Verify Save button is visible\n  cy.get('.save-btn').should('be.visible');\n});",
              "err": {},
              "uuid": "f7f6b88b-536b-4eeb-a6be-ce53a8a18b3b",
              "parentUUID": "959c43ff-baea-47a6-a40a-280a7fecb4e9",
              "isHook": false,
              "skipped": false
            }
          ],
          "suites": [],
          "passes": [
            "f7f6b88b-536b-4eeb-a6be-ce53a8a18b3b"
          ],
          "failures": [],
          "pending": [],
          "skipped": [],
          "duration": 2101,
          "root": false,
          "rootEmpty": false,
          "_timeout": 2000
        },
        {
          "uuid": "6f383683-41bb-4e25-8a60-d1bf59571b33",
          "title": "Save Employee Data",
          "fullFile": "",
          "file": "",
          "beforeHooks": [],
          "afterHooks": [],
          "tests": [
            {
              "title": "should simulate employee details update without making an actual API call",
              "fullTitle": "Save Employee Data should simulate employee details update without making an actual API call",
              "timedOut": null,
              "duration": 3222,
              "state": "passed",
              "speed": "fast",
              "pass": true,
              "fail": false,
              "pending": false,
              "context": null,
              "code": "cy.visit('/Employee'); // Replace with your app's route\n// Interact with the form to edit employee details\ncy.get('.edit-btn').first().click();\n// Use the 'input' selectors by the 'class' or 'type' to interact with the fields\ncy.get('input.edit-mode').eq(0).clear().type('Updated Name'); // Employee Name\ncy.get('input.edit-mode').eq(1).clear().type('Updated Designation'); // Designation\n// Set up intercept for the POST request to mock the response\ncy.intercept('POST', '/Employee/Edit', {\n  statusCode: 200,\n  // Simulate a successful response\n  body: {\n    status: 'success',\n    message: 'Employee updated successfully'\n  }\n}).as('editEmployee');\n// Click the save button to simulate saving the changes\ncy.get('.save-btn').first().click();\n// Wait for the mocked API call\ncy.wait('@editEmployee').then(({\n  request,\n  response\n}) => {\n  console.log('Actual request body:', request.body);\n  // Assert that the request payload contains the correct values\n  // expect(request.body).to.have.property('EmployeeName', 'Updated Name');\n  // expect(request.body).to.have.property('Designation', 'Updated Designation');\n  expect(request.body).to.include({\n    EmployeeName: 'Updated Name',\n    Designation: 'Updated Designation'\n  });\n  // Assert that the mocked response is successful\n  expect(response.body.status).to.eq('success');\n  cy.get('.view-mode').eq(0).invoke('text', 'Updated Name');\n  cy.get('.view-mode').eq(1).invoke('text', 'Updated Designation');\n});\ncy.get('.view-mode').eq(0).should('contain', 'Updated Name'); // Check updated name\ncy.get('.view-mode').eq(1).should('contain', 'Updated Designation'); // Check",
              "err": {},
              "uuid": "c80d0d63-d5fc-4ba2-8b22-ae6fe5bc404c",
              "parentUUID": "6f383683-41bb-4e25-8a60-d1bf59571b33",
              "isHook": false,
              "skipped": false
            }
          ],
          "suites": [],
          "passes": [
            "c80d0d63-d5fc-4ba2-8b22-ae6fe5bc404c"
          ],
          "failures": [],
          "pending": [],
          "skipped": [],
          "duration": 3222,
          "root": false,
          "rootEmpty": false,
          "_timeout": 2000
        },
        {
          "uuid": "748a1ca6-9a30-4d18-afbf-d20804e66554",
          "title": "Save Button Error Handling",
          "fullFile": "",
          "file": "",
          "beforeHooks": [],
          "afterHooks": [],
          "tests": [
            {
              "title": "should display an error message on failed save",
              "fullTitle": "Save Button Error Handling should display an error message on failed save",
              "timedOut": null,
              "duration": 2360,
              "state": "passed",
              "speed": "fast",
              "pass": true,
              "fail": false,
              "pending": false,
              "context": null,
              "code": "cy.visit('/Employee');\n// Wait for the table to load\n// Intercept the AJAX call to simulate a failure\ncy.intercept('POST', '/Employee/Edit', {\n  statusCode: 500\n}).as('saveEmployee');\n// Click the Edit button\ncy.get('#employeeTable tbody tr').first().within(() => {\n  cy.get('.edit-btn').click();\n  // Update the employee name\n  cy.get('input').first().clear().type('Updated Name');\n});\n// Click the Save button after setting up the intercept\ncy.get('#employeeTable tbody tr').first().within(() => {\n  cy.get('.save-btn').click();\n});\n// Verify that the AJAX request was made\ncy.wait('@saveEmployee');\n// Verify error alert is shown\ncy.on('window:alert', str => {\n  expect(str).to.equal('Error updating employee details.');\n});",
              "err": {},
              "uuid": "5b63eb80-ac15-43c7-87f7-81ecac316234",
              "parentUUID": "748a1ca6-9a30-4d18-afbf-d20804e66554",
              "isHook": false,
              "skipped": false
            }
          ],
          "suites": [],
          "passes": [
            "5b63eb80-ac15-43c7-87f7-81ecac316234"
          ],
          "failures": [],
          "pending": [],
          "skipped": [],
          "duration": 2360,
          "root": false,
          "rootEmpty": false,
          "_timeout": 2000
        }
      ],
      "passes": [],
      "failures": [],
      "pending": [],
      "skipped": [],
      "duration": 0,
      "root": true,
      "rootEmpty": true,
      "_timeout": 2000
    }
  ],
  "meta": {
    "mocha": {
      "version": "7.0.1"
    },
    "mochawesome": {
      "options": {
        "quiet": false,
        "reportFilename": "[name]-report",
        "saveHtml": true,
        "saveJson": true,
        "consoleReporter": "spec",
        "useInlineDiffs": false,
        "code": true
      },
      "version": "7.1.3"
    },
    "marge": {
      "options": {
        "reportDir": "cypress/reports",
        "reportFilename": "[name]-report",
        "overwrite": false,
        "html": true,
        "json": true
      },
      "version": "6.2.0"
    }
  }
}