{
  "stats": {
    "suites": 4,
    "tests": 4,
    "passes": 4,
    "pending": 0,
    "failures": 0,
    "start": "2025-01-23T09:08:12.427Z",
    "end": "2025-01-23T09:08:22.178Z",
    "duration": 9751,
    "testsRegistered": 4,
    "passPercent": 100,
    "pendingPercent": 0,
    "other": 0,
    "hasOther": false,
    "skipped": 0,
    "hasSkipped": false
  },
  "results": [
    {
      "uuid": "60856836-9a9c-461a-b227-282efc4bf4f8",
      "title": "",
      "fullFile": "cypress\\e2e\\loader-edit.cy.js",
      "file": "cypress\\e2e\\loader-edit.cy.js",
      "beforeHooks": [],
      "afterHooks": [],
      "tests": [],
      "suites": [
        {
          "uuid": "9021dc02-a5a1-4410-9de5-42ad996bc47b",
          "title": "Employee Table Loader",
          "fullFile": "",
          "file": "",
          "beforeHooks": [],
          "afterHooks": [],
          "tests": [
            {
              "title": "should display loader and then show the table",
              "fullTitle": "Employee Table Loader should display loader and then show the table",
              "timedOut": null,
              "duration": 2513,
              "state": "passed",
              "speed": "fast",
              "pass": true,
              "fail": false,
              "pending": false,
              "context": null,
              "code": "cy.visit('/Employee'); // Adjust the route as per your app\n// Loader should be visible initially\ncy.get('#loader').should('be.visible');\n// Loader should disappear and table should be visible after 1.5 seconds\n// cy.wait(1800); // Adjust the wait time to match your loader timeout\n// cy.get('#loader', { timeout: 6000 }).should('have.css', 'display', 'none');\ncy.get('#loader', {\n  timeout: 6000\n}).should('not.be.visible') // Checks visibility\n.and('have.css', 'display', 'none'); // Checks display property\n// cy.get('#loader').should('not.exist');\ncy.get('#employeeTable').should('be.visible');",
              "err": {},
              "uuid": "a1bb557d-e4f7-4c42-bc7c-76a085ac5b7b",
              "parentUUID": "9021dc02-a5a1-4410-9de5-42ad996bc47b",
              "isHook": false,
              "skipped": false
            }
          ],
          "suites": [],
          "passes": [
            "a1bb557d-e4f7-4c42-bc7c-76a085ac5b7b"
          ],
          "failures": [],
          "pending": [],
          "skipped": [],
          "duration": 2513,
          "root": false,
          "rootEmpty": false,
          "_timeout": 2000
        },
        {
          "uuid": "ba24a7a3-61e2-4ba0-afb4-90eeba5755e3",
          "title": "Edit Button Functionality",
          "fullFile": "",
          "file": "",
          "beforeHooks": [],
          "afterHooks": [],
          "tests": [
            {
              "title": "should toggle view and edit modes when Edit is clicked",
              "fullTitle": "Edit Button Functionality should toggle view and edit modes when Edit is clicked",
              "timedOut": null,
              "duration": 1841,
              "state": "passed",
              "speed": "fast",
              "pass": true,
              "fail": false,
              "pending": false,
              "context": null,
              "code": "cy.visit('/Employee');\n// Click the Edit button on the first row\ncy.get('#employeeTable tbody tr').first().within(() => {\n  cy.get('.edit-btn').click();\n  // Verify view-mode is hidden and edit-mode is visible\n  cy.get('.view-mode').should('not.be.visible');\n  cy.get('.edit-mode').should('be.visible');\n  // Verify Save button is visible\n  cy.get('.save-btn').should('be.visible');\n});",
              "err": {},
              "uuid": "da5fff7c-5d30-44ee-8f31-12659fbe40ce",
              "parentUUID": "ba24a7a3-61e2-4ba0-afb4-90eeba5755e3",
              "isHook": false,
              "skipped": false
            }
          ],
          "suites": [],
          "passes": [
            "da5fff7c-5d30-44ee-8f31-12659fbe40ce"
          ],
          "failures": [],
          "pending": [],
          "skipped": [],
          "duration": 1841,
          "root": false,
          "rootEmpty": false,
          "_timeout": 2000
        },
        {
          "uuid": "c10ba608-82dc-4113-b6d9-336fb68ebb79",
          "title": "Save Employee Data",
          "fullFile": "",
          "file": "",
          "beforeHooks": [],
          "afterHooks": [],
          "tests": [
            {
              "title": "should simulate employee details update without making an actual API call",
              "fullTitle": "Save Employee Data should simulate employee details update without making an actual API call",
              "timedOut": null,
              "duration": 2857,
              "state": "passed",
              "speed": "fast",
              "pass": true,
              "fail": false,
              "pending": false,
              "context": null,
              "code": "cy.visit('/Employee'); // Replace with your app's route\n// Interact with the form to edit employee details\ncy.get('.edit-btn').first().click();\n// Use the 'input' selectors by the 'class' or 'type' to interact with the fields\ncy.get('input.edit-mode').eq(0).clear().type('Updated Name'); // Employee Name\ncy.get('input.edit-mode').eq(1).clear().type('Updated Designation'); // Designation\n// Set up intercept for the POST request to mock the response\ncy.intercept('POST', '/Employee/Edit', {\n  statusCode: 200,\n  // Simulate a successful response\n  body: {\n    status: 'success',\n    message: 'Employee updated successfully'\n  }\n}).as('editEmployee');\n// Click the save button to simulate saving the changes\ncy.get('.save-btn').first().click();\n// Wait for the mocked API call\ncy.wait('@editEmployee').then(({\n  request,\n  response\n}) => {\n  console.log('Actual request body:', request.body);\n  // Assert that the request payload contains the correct values\n  // expect(request.body).to.have.property('EmployeeName', 'Updated Name');\n  // expect(request.body).to.have.property('Designation', 'Updated Designation');\n  expect(request.body).to.include({\n    EmployeeName: 'Updated Name',\n    Designation: 'Updated Designation'\n  });\n  // Assert that the mocked response is successful\n  expect(response.body.status).to.eq('success');\n  cy.get('.view-mode').eq(0).invoke('text', 'Updated Name');\n  cy.get('.view-mode').eq(1).invoke('text', 'Updated Designation');\n});\ncy.get('.view-mode').eq(0).should('contain', 'Updated Name'); // Check updated name\ncy.get('.view-mode').eq(1).should('contain', 'Updated Designation'); // Check",
              "err": {},
              "uuid": "a683356a-aba9-4540-87f0-f18e9a5e88fb",
              "parentUUID": "c10ba608-82dc-4113-b6d9-336fb68ebb79",
              "isHook": false,
              "skipped": false
            }
          ],
          "suites": [],
          "passes": [
            "a683356a-aba9-4540-87f0-f18e9a5e88fb"
          ],
          "failures": [],
          "pending": [],
          "skipped": [],
          "duration": 2857,
          "root": false,
          "rootEmpty": false,
          "_timeout": 2000
        },
        {
          "uuid": "4e14993c-da72-427d-996a-c63677a7b06a",
          "title": "Save Button Error Handling",
          "fullFile": "",
          "file": "",
          "beforeHooks": [],
          "afterHooks": [],
          "tests": [
            {
              "title": "should display an error message on failed save",
              "fullTitle": "Save Button Error Handling should display an error message on failed save",
              "timedOut": null,
              "duration": 2241,
              "state": "passed",
              "speed": "fast",
              "pass": true,
              "fail": false,
              "pending": false,
              "context": null,
              "code": "cy.visit('/Employee');\n// Wait for the table to load\n// Intercept the AJAX call to simulate a failure\ncy.intercept('POST', '/Employee/Edit', {\n  statusCode: 500\n}).as('saveEmployee');\n// Click the Edit button\ncy.get('#employeeTable tbody tr').first().within(() => {\n  cy.get('.edit-btn').click();\n  // Update the employee name\n  cy.get('input').first().clear().type('Updated Name');\n});\n// Click the Save button after setting up the intercept\ncy.get('#employeeTable tbody tr').first().within(() => {\n  cy.get('.save-btn').click();\n});\n// Verify that the AJAX request was made\ncy.wait('@saveEmployee');\n// Verify error alert is shown\ncy.on('window:alert', str => {\n  expect(str).to.equal('Error updating employee details.');\n});",
              "err": {},
              "uuid": "4e02199c-a8ec-4b40-a69a-cccacfe23cc5",
              "parentUUID": "4e14993c-da72-427d-996a-c63677a7b06a",
              "isHook": false,
              "skipped": false
            }
          ],
          "suites": [],
          "passes": [
            "4e02199c-a8ec-4b40-a69a-cccacfe23cc5"
          ],
          "failures": [],
          "pending": [],
          "skipped": [],
          "duration": 2241,
          "root": false,
          "rootEmpty": false,
          "_timeout": 2000
        }
      ],
      "passes": [],
      "failures": [],
      "pending": [],
      "skipped": [],
      "duration": 0,
      "root": true,
      "rootEmpty": true,
      "_timeout": 2000
    }
  ],
  "meta": {
    "mocha": {
      "version": "7.0.1"
    },
    "mochawesome": {
      "options": {
        "quiet": false,
        "reportFilename": "mochawesome",
        "saveHtml": true,
        "saveJson": true,
        "consoleReporter": "spec",
        "useInlineDiffs": false,
        "code": true
      },
      "version": "7.1.3"
    },
    "marge": {
      "options": {
        "reportDir": "cypress/reports"
      },
      "version": "6.2.0"
    }
  }
}