{"D:\\code\\EmpM.aspnet\\Scripts\\Employee.js": {"path":"D:\\code\\EmpM.aspnet\\Scripts\\Employee.js","s":{"0":187,"1":187,"2":187,"3":187,"4":187,"5":104,"6":104,"7":187,"8":0,"9":0,"10":187,"11":187,"12":187,"13":0,"14":187,"15":187,"16":187,"17":187,"18":187,"19":187,"20":154,"21":0,"22":187,"23":0,"24":0,"25":187,"26":51,"27":51,"28":51,"29":51,"30":51,"31":51,"32":51,"33":51,"34":51,"35":51,"36":187,"37":34,"38":34,"39":34,"40":34,"41":17,"42":0,"43":17,"44":17},"b":{"0":[0,187],"1":[187,0],"2":[0,17]},"f":{"0":187,"1":104,"2":0,"3":154,"4":0,"5":0,"6":0,"7":51,"8":34,"9":17,"10":17},"fnMap":{"0":{"name":"(anonymous_1)","line":3,"loc":{"start":{"line":3,"column":18},"end":{"line":3,"column":30}}},"1":{"name":"(anonymous_2)","line":9,"loc":{"start":{"line":9,"column":15},"end":{"line":9,"column":27}}},"2":{"name":"(anonymous_3)","line":16,"loc":{"start":{"line":16,"column":19},"end":{"line":16,"column":31}}},"3":{"name":"(anonymous_4)","line":52,"loc":{"start":{"line":52,"column":17},"end":{"line":52,"column":37}}},"4":{"name":"(anonymous_5)","line":55,"loc":{"start":{"line":55,"column":15},"end":{"line":55,"column":45}}},"5":{"name":"(anonymous_6)","line":68,"loc":{"start":{"line":68,"column":29},"end":{"line":68,"column":45}}},"6":{"name":"(anonymous_7)","line":71,"loc":{"start":{"line":71,"column":27},"end":{"line":71,"column":57}}},"7":{"name":"(anonymous_8)","line":81,"loc":{"start":{"line":81,"column":15},"end":{"line":81,"column":27}}},"8":{"name":"(anonymous_9)","line":98,"loc":{"start":{"line":98,"column":25},"end":{"line":98,"column":37}}},"9":{"name":"(anonymous_10)","line":118,"loc":{"start":{"line":118,"column":21},"end":{"line":118,"column":41}}},"10":{"name":"(anonymous_11)","line":125,"loc":{"start":{"line":125,"column":19},"end":{"line":125,"column":31}}}},"statementMap":{"0":{"start":{"line":3,"column":0},"end":{"line":188,"column":3}},"1":{"start":{"line":4,"column":4},"end":{"line":4,"column":72}},"2":{"start":{"line":7,"column":4},"end":{"line":7,"column":24}},"3":{"start":{"line":8,"column":4},"end":{"line":8,"column":31}},"4":{"start":{"line":9,"column":4},"end":{"line":12,"column":13}},"5":{"start":{"line":10,"column":8},"end":{"line":10,"column":28}},"6":{"start":{"line":11,"column":8},"end":{"line":11,"column":35}},"7":{"start":{"line":14,"column":4},"end":{"line":20,"column":5}},"8":{"start":{"line":15,"column":8},"end":{"line":19,"column":11}},"9":{"start":{"line":17,"column":16},"end":{"line":17,"column":47}},"10":{"start":{"line":21,"column":4},"end":{"line":41,"column":5}},"11":{"start":{"line":22,"column":8},"end":{"line":22,"column":57}},"12":{"start":{"line":25,"column":8},"end":{"line":38,"column":11}},"13":{"start":{"line":40,"column":8},"end":{"line":40,"column":52}},"14":{"start":{"line":43,"column":4},"end":{"line":43,"column":61}},"15":{"start":{"line":44,"column":4},"end":{"line":44,"column":60}},"16":{"start":{"line":45,"column":4},"end":{"line":45,"column":67}},"17":{"start":{"line":46,"column":4},"end":{"line":46,"column":52}},"18":{"start":{"line":47,"column":4},"end":{"line":47,"column":53}},"19":{"start":{"line":49,"column":4},"end":{"line":58,"column":7}},"20":{"start":{"line":53,"column":12},"end":{"line":53,"column":50}},"21":{"start":{"line":56,"column":12},"end":{"line":56,"column":64}},"22":{"start":{"line":59,"column":4},"end":{"line":77,"column":7}},"23":{"start":{"line":69,"column":24},"end":{"line":69,"column":79}},"24":{"start":{"line":72,"column":24},"end":{"line":72,"column":74}},"25":{"start":{"line":79,"column":4},"end":{"line":95,"column":7}},"26":{"start":{"line":82,"column":12},"end":{"line":82,"column":52}},"27":{"start":{"line":83,"column":12},"end":{"line":83,"column":93}},"28":{"start":{"line":84,"column":12},"end":{"line":84,"column":93}},"29":{"start":{"line":87,"column":12},"end":{"line":87,"column":42}},"30":{"start":{"line":88,"column":12},"end":{"line":88,"column":42}},"31":{"start":{"line":89,"column":12},"end":{"line":89,"column":41}},"32":{"start":{"line":90,"column":12},"end":{"line":90,"column":41}},"33":{"start":{"line":91,"column":12},"end":{"line":91,"column":43}},"34":{"start":{"line":93,"column":12},"end":{"line":93,"column":92}},"35":{"start":{"line":94,"column":12},"end":{"line":94,"column":92}},"36":{"start":{"line":98,"column":4},"end":{"line":129,"column":7}},"37":{"start":{"line":99,"column":8},"end":{"line":99,"column":40}},"38":{"start":{"line":100,"column":8},"end":{"line":100,"column":49}},"39":{"start":{"line":102,"column":8},"end":{"line":111,"column":10}},"40":{"start":{"line":113,"column":8},"end":{"line":128,"column":11}},"41":{"start":{"line":119,"column":16},"end":{"line":123,"column":17}},"42":{"start":{"line":120,"column":20},"end":{"line":120,"column":38}},"43":{"start":{"line":122,"column":20},"end":{"line":122,"column":64}},"44":{"start":{"line":126,"column":16},"end":{"line":126,"column":58}}},"branchMap":{"0":{"line":14,"type":"if","locations":[{"start":{"line":14,"column":4},"end":{"line":14,"column":4}},{"start":{"line":14,"column":4},"end":{"line":14,"column":4}}]},"1":{"line":21,"type":"if","locations":[{"start":{"line":21,"column":4},"end":{"line":21,"column":4}},{"start":{"line":21,"column":4},"end":{"line":21,"column":4}}]},"2":{"line":119,"type":"if","locations":[{"start":{"line":119,"column":16},"end":{"line":119,"column":16}},{"start":{"line":119,"column":16},"end":{"line":119,"column":16}}]}}}
,"D:\\code\\EmpM.aspnet\\Scripts\\compiled\\validation.js": {"path":"D:\\code\\EmpM.aspnet\\Scripts\\compiled\\validation.js","s":{"0":102,"1":102,"2":102,"3":1971,"4":1971,"5":1971,"6":0,"7":0,"8":912,"9":912,"10":341,"11":341,"12":371,"13":371,"14":0,"15":0,"16":347,"17":347,"18":347,"19":0,"20":0,"21":1971,"22":1971,"23":102,"24":265,"25":102,"26":545,"27":102,"28":290,"29":102,"30":320,"31":102,"32":115,"33":102,"34":130,"35":102,"36":51,"37":51,"38":51,"39":51,"40":51,"41":51,"42":51,"43":51,"44":51},"b":{"0":[0,912,341,371,0,347,0],"1":[0,0],"2":[0,0],"3":[912,0],"4":[912,912],"5":[0,912],"6":[912,912],"7":[341,0],"8":[341,341],"9":[0,341],"10":[341,341],"11":[371,75],"12":[75,0],"13":[75,75],"14":[0,75],"15":[75,75],"16":[347,0],"17":[347,200],"18":[1225,746],"19":[51,0],"20":[51,25,20,15,10,5]},"f":{"0":102,"1":1971,"2":265,"3":545,"4":290,"5":320,"6":115,"7":130,"8":51},"fnMap":{"0":{"name":"(anonymous_1)","line":2,"loc":{"start":{"line":2,"column":18},"end":{"line":2,"column":30}}},"1":{"name":"(anonymous_2)","line":4,"loc":{"start":{"line":4,"column":24},"end":{"line":4,"column":47}}},"2":{"name":"(anonymous_3)","line":35,"loc":{"start":{"line":35,"column":53},"end":{"line":35,"column":65}}},"3":{"name":"(anonymous_4)","line":38,"loc":{"start":{"line":38,"column":52},"end":{"line":38,"column":64}}},"4":{"name":"(anonymous_5)","line":41,"loc":{"start":{"line":41,"column":44},"end":{"line":41,"column":56}}},"5":{"name":"(anonymous_6)","line":44,"loc":{"start":{"line":44,"column":52},"end":{"line":44,"column":64}}},"6":{"name":"(anonymous_7)","line":48,"loc":{"start":{"line":48,"column":39},"end":{"line":48,"column":51}}},"7":{"name":"(anonymous_8)","line":51,"loc":{"start":{"line":51,"column":41},"end":{"line":51,"column":53}}},"8":{"name":"(anonymous_9)","line":55,"loc":{"start":{"line":55,"column":27},"end":{"line":55,"column":40}}}},"statementMap":{"0":{"start":{"line":2,"column":0},"end":{"line":67,"column":3}},"1":{"start":{"line":3,"column":4},"end":{"line":3,"column":70}},"2":{"start":{"line":4,"column":4},"end":{"line":33,"column":6}},"3":{"start":{"line":5,"column":8},"end":{"line":5,"column":39}},"4":{"start":{"line":6,"column":8},"end":{"line":6,"column":28}},"5":{"start":{"line":7,"column":8},"end":{"line":30,"column":9}},"6":{"start":{"line":9,"column":16},"end":{"line":9,"column":107}},"7":{"start":{"line":10,"column":16},"end":{"line":10,"column":22}},"8":{"start":{"line":12,"column":16},"end":{"line":12,"column":161}},"9":{"start":{"line":13,"column":16},"end":{"line":13,"column":22}},"10":{"start":{"line":15,"column":16},"end":{"line":15,"column":156}},"11":{"start":{"line":16,"column":16},"end":{"line":16,"column":22}},"12":{"start":{"line":18,"column":16},"end":{"line":18,"column":184}},"13":{"start":{"line":19,"column":16},"end":{"line":19,"column":22}},"14":{"start":{"line":21,"column":16},"end":{"line":21,"column":46}},"15":{"start":{"line":22,"column":16},"end":{"line":22,"column":22}},"16":{"start":{"line":24,"column":16},"end":{"line":24,"column":67}},"17":{"start":{"line":25,"column":16},"end":{"line":25,"column":109}},"18":{"start":{"line":26,"column":16},"end":{"line":26,"column":22}},"19":{"start":{"line":28,"column":16},"end":{"line":28,"column":31}},"20":{"start":{"line":29,"column":16},"end":{"line":29,"column":22}},"21":{"start":{"line":31,"column":8},"end":{"line":31,"column":98}},"22":{"start":{"line":32,"column":8},"end":{"line":32,"column":23}},"23":{"start":{"line":35,"column":4},"end":{"line":37,"column":7}},"24":{"start":{"line":36,"column":8},"end":{"line":36,"column":40}},"25":{"start":{"line":38,"column":4},"end":{"line":40,"column":7}},"26":{"start":{"line":39,"column":8},"end":{"line":39,"column":40}},"27":{"start":{"line":41,"column":4},"end":{"line":43,"column":7}},"28":{"start":{"line":42,"column":8},"end":{"line":42,"column":42}},"29":{"start":{"line":44,"column":4},"end":{"line":46,"column":7}},"30":{"start":{"line":45,"column":8},"end":{"line":45,"column":39}},"31":{"start":{"line":48,"column":4},"end":{"line":50,"column":7}},"32":{"start":{"line":49,"column":8},"end":{"line":49,"column":47}},"33":{"start":{"line":51,"column":4},"end":{"line":53,"column":7}},"34":{"start":{"line":52,"column":8},"end":{"line":52,"column":47}},"35":{"start":{"line":55,"column":4},"end":{"line":66,"column":7}},"36":{"start":{"line":56,"column":8},"end":{"line":56,"column":90}},"37":{"start":{"line":57,"column":8},"end":{"line":57,"column":88}},"38":{"start":{"line":58,"column":8},"end":{"line":58,"column":74}},"39":{"start":{"line":59,"column":8},"end":{"line":59,"column":87}},"40":{"start":{"line":60,"column":8},"end":{"line":60,"column":84}},"41":{"start":{"line":61,"column":8},"end":{"line":61,"column":80}},"42":{"start":{"line":62,"column":8},"end":{"line":65,"column":9}},"43":{"start":{"line":63,"column":12},"end":{"line":63,"column":31}},"44":{"start":{"line":64,"column":12},"end":{"line":64,"column":68}}},"branchMap":{"0":{"line":7,"type":"switch","locations":[{"start":{"line":8,"column":12},"end":{"line":10,"column":22}},{"start":{"line":11,"column":12},"end":{"line":13,"column":22}},{"start":{"line":14,"column":12},"end":{"line":16,"column":22}},{"start":{"line":17,"column":12},"end":{"line":19,"column":22}},{"start":{"line":20,"column":12},"end":{"line":22,"column":22}},{"start":{"line":23,"column":12},"end":{"line":26,"column":22}},{"start":{"line":27,"column":12},"end":{"line":29,"column":22}}]},"1":{"line":9,"type":"cond-expr","locations":[{"start":{"line":9,"column":76},"end":{"line":9,"column":82}},{"start":{"line":9,"column":85},"end":{"line":9,"column":105}}]},"2":{"line":9,"type":"binary-expr","locations":[{"start":{"line":9,"column":29},"end":{"line":9,"column":56}},{"start":{"line":9,"column":60},"end":{"line":9,"column":73}}]},"3":{"line":12,"type":"cond-expr","locations":[{"start":{"line":12,"column":152},"end":{"line":12,"column":154}},{"start":{"line":12,"column":157},"end":{"line":12,"column":159}}]},"4":{"line":12,"type":"binary-expr","locations":[{"start":{"line":12,"column":47},"end":{"line":12,"column":132}},{"start":{"line":12,"column":136},"end":{"line":12,"column":149}}]},"5":{"line":12,"type":"cond-expr","locations":[{"start":{"line":12,"column":100},"end":{"line":12,"column":106}},{"start":{"line":12,"column":109},"end":{"line":12,"column":122}}]},"6":{"line":12,"type":"binary-expr","locations":[{"start":{"line":12,"column":53},"end":{"line":12,"column":80}},{"start":{"line":12,"column":84},"end":{"line":12,"column":97}}]},"7":{"line":15,"type":"cond-expr","locations":[{"start":{"line":15,"column":147},"end":{"line":15,"column":149}},{"start":{"line":15,"column":152},"end":{"line":15,"column":154}}]},"8":{"line":15,"type":"binary-expr","locations":[{"start":{"line":15,"column":42},"end":{"line":15,"column":127}},{"start":{"line":15,"column":131},"end":{"line":15,"column":144}}]},"9":{"line":15,"type":"cond-expr","locations":[{"start":{"line":15,"column":95},"end":{"line":15,"column":101}},{"start":{"line":15,"column":104},"end":{"line":15,"column":117}}]},"10":{"line":15,"type":"binary-expr","locations":[{"start":{"line":15,"column":48},"end":{"line":15,"column":75}},{"start":{"line":15,"column":79},"end":{"line":15,"column":92}}]},"11":{"line":18,"type":"binary-expr","locations":[{"start":{"line":18,"column":26},"end":{"line":18,"column":39}},{"start":{"line":18,"column":43},"end":{"line":18,"column":183}}]},"12":{"line":18,"type":"cond-expr","locations":[{"start":{"line":18,"column":175},"end":{"line":18,"column":177}},{"start":{"line":18,"column":180},"end":{"line":18,"column":182}}]},"13":{"line":18,"type":"binary-expr","locations":[{"start":{"line":18,"column":70},"end":{"line":18,"column":155}},{"start":{"line":18,"column":159},"end":{"line":18,"column":172}}]},"14":{"line":18,"type":"cond-expr","locations":[{"start":{"line":18,"column":123},"end":{"line":18,"column":129}},{"start":{"line":18,"column":132},"end":{"line":18,"column":145}}]},"15":{"line":18,"type":"binary-expr","locations":[{"start":{"line":18,"column":76},"end":{"line":18,"column":103}},{"start":{"line":18,"column":107},"end":{"line":18,"column":120}}]},"16":{"line":25,"type":"cond-expr","locations":[{"start":{"line":25,"column":41},"end":{"line":25,"column":100}},{"start":{"line":25,"column":103},"end":{"line":25,"column":108}}]},"17":{"line":25,"type":"binary-expr","locations":[{"start":{"line":25,"column":41},"end":{"line":25,"column":68}},{"start":{"line":25,"column":72},"end":{"line":25,"column":100}}]},"18":{"line":31,"type":"cond-expr","locations":[{"start":{"line":31,"column":61},"end":{"line":31,"column":78}},{"start":{"line":31,"column":81},"end":{"line":31,"column":96}}]},"19":{"line":62,"type":"if","locations":[{"start":{"line":62,"column":8},"end":{"line":62,"column":8}},{"start":{"line":62,"column":8},"end":{"line":62,"column":8}}]},"20":{"line":62,"type":"binary-expr","locations":[{"start":{"line":62,"column":12},"end":{"line":62,"column":32}},{"start":{"line":62,"column":36},"end":{"line":62,"column":55}},{"start":{"line":62,"column":59},"end":{"line":62,"column":70}},{"start":{"line":62,"column":74},"end":{"line":62,"column":93}},{"start":{"line":62,"column":97},"end":{"line":62,"column":117}},{"start":{"line":62,"column":121},"end":{"line":62,"column":139}}]}}}
}
